nohup: ignoring input
Server running on port 3000
收到专家评估图片请求，索引: 8
成功发送专家评估图片: paper_bedroom_10_render_resutls.png
收到专家评估图片请求，索引: 42
成功发送专家评估图片: paper_living_room_13_render_resutls.png
收到专家评估图片请求，索引: 52
成功发送专家评估图片: paper_living_room_4_render_resutls.png
收到专家评估图片请求，索引: 38
成功发送专家评估图片: paper_laundry_room_1_render_resutls.png
收到专家评估图片请求，索引: 30
成功发送专家评估图片: paper_dining_room_17_render_resutls.png
收到专家评估图片请求，索引: 14
成功发送专家评估图片: paper_bedroom_16_render_resutls.png
收到专家评估图片请求，索引: 16
成功发送专家评估图片: paper_bedroom_1_render_resutls.png
收到专家评估图片请求，索引: 3
成功发送专家评估图片: an_entertainment_room_with_pool_table_an_0.png
收到图片配对请求
成功发送图片配对
收到专家评估图片请求，索引: 11
成功发送专家评估图片: paper_bedroom_13_render_resutls.png
收到专家评估图片请求，索引: 57
成功发送专家评估图片: paper_living_room_9_render_resutls.png
收到专家评估图片请求，索引: 20
成功发送专家评估图片: paper_bedroom_7_render_resutls.png
收到专家评估图片请求，索引: 47
成功发送专家评估图片: paper_living_room_18_render_resutls.png
收到专家评估图片请求，索引: 2
成功发送专家评估图片: A_rustic_living_room_with_wooden_beams___0.png
收到专家评估图片请求，索引: 19
成功发送专家评估图片: paper_bedroom_6_render_resutls.png
收到专家评估图片请求，索引: 59
成功发送专家评估图片: paper_waiting_room_1_render_resutls.png
收到专家评估图片请求，索引: 15
成功发送专家评估图片: paper_bedroom_17_render_resutls.png
收到专家评估图片请求，索引: 24
成功发送专家评估图片: paper_dining_room_11_render_resutls.png
收到专家评估图片请求，索引: 29
成功发送专家评估图片: paper_dining_room_16_render_resutls.png
收到专家评估图片请求，索引: 44
成功发送专家评估图片: paper_living_room_15_render_resutls.png
收到专家评估图片请求，索引: 7
成功发送专家评估图片: paper_bathroom_2_render_resutls.png
收到专家评估图片请求，索引: 10
成功发送专家评估图片: paper_bedroom_12_render_resutls.png
收到专家评估图片请求，索引: 36
成功发送专家评估图片: paper_dining_room_8_render_resutls.png
收到专家评估图片请求，索引: 19
成功发送专家评估图片: paper_bedroom_6_render_resutls.png
收到专家评估图片请求，索引: 9
成功发送专家评估图片: paper_bedroom_11_render_resutls.png
收到专家评估图片请求，索引: 11
成功发送专家评估图片: paper_bedroom_13_render_resutls.png
收到专家评估图片请求，索引: 5
成功发送专家评估图片: florist_shop_1.png
收到专家评估图片请求，索引: 1
成功发送专家评估图片: A_corporate_conference_room_with_wooden__1.png
收到专家评估图片请求，索引: 58
成功发送专家评估图片: paper_study_1_render_resutls.png
收到专家评估图片请求，索引: 52
成功发送专家评估图片: paper_living_room_4_render_resutls.png
收到专家评估图片请求，索引: 22
成功发送专家评估图片: paper_bedroom_9_render_resutls.png
收到专家评估图片请求，索引: 17
成功发送专家评估图片: paper_bedroom_2_render_resutls.png
收到专家评估图片请求，索引: 30
成功发送专家评估图片: paper_dining_room_17_render_resutls.png
收到专家评估图片请求，索引: 57
成功发送专家评估图片: paper_living_room_9_render_resutls.png
收到专家评估图片请求，索引: 11
成功发送专家评估图片: paper_bedroom_13_render_resutls.png
收到专家评估图片请求，索引: 7
成功发送专家评估图片: paper_bathroom_2_render_resutls.png
收到专家评估图片请求，索引: 46
成功发送专家评估图片: paper_living_room_17_render_resutls.png
收到专家评估图片请求，索引: 9
成功发送专家评估图片: paper_bedroom_11_render_resutls.png
收到专家评估图片请求，索引: 0
成功发送专家评估图片: A_children_s_bedroom_with_bunk_beds__col_0.png
收到专家评估图片请求，索引: 18
成功发送专家评估图片: paper_bedroom_5_render_resutls.png
收到专家评估图片请求，索引: 42
成功发送专家评估图片: paper_living_room_13_render_resutls.png
收到专家评估图片请求，索引: 48
成功发送专家评估图片: paper_living_room_19_render_resutls.png
收到专家评估图片请求，索引: 2
成功发送专家评估图片: A_rustic_living_room_with_wooden_beams___0.png
收到专家评估图片请求，索引: 34
成功发送专家评估图片: paper_dining_room_5_render_resutls.png
收到专家评估图片请求，索引: 49
成功发送专家评估图片: paper_living_room_1_render_resutls.png
收到图片配对请求
成功发送图片配对
收到专家评估图片请求，索引: 47
成功发送专家评估图片: paper_living_room_18_render_resutls.png
收到专家评估图片请求，索引: 13
成功发送专家评估图片: paper_bedroom_15_render_resutls.png
收到专家评估图片请求，索引: 20
成功发送专家评估图片: paper_bedroom_7_render_resutls.png
收到专家评估图片请求，索引: 37
成功发送专家评估图片: paper_dining_room_9_render_resutls.png
收到专家评估图片请求，索引: 35
成功发送专家评估图片: paper_dining_room_7_render_resutls.png
收到专家评估图片请求，索引: 34
成功发送专家评估图片: paper_dining_room_5_render_resutls.png
收到专家评估图片请求，索引: 42
成功发送专家评估图片: paper_living_room_13_render_resutls.png
收到专家评估图片请求，索引: 53
成功发送专家评估图片: paper_living_room_5_render_resutls.png
收到专家评估图片请求，索引: 37
成功发送专家评估图片: paper_dining_room_9_render_resutls.png
收到图片配对请求
成功发送图片配对
收到图片配对请求
成功发送图片配对
收到图片配对请求
成功发送图片配对
收到图片配对请求
成功发送图片配对
收到图片配对请求
成功发送图片配对
收到图片配对请求
成功发送图片配对
收到图片配对请求
成功发送图片配对
收到图片配对请求
成功发送图片配对
收到图片配对请求
成功发送图片配对
收到图片配对请求
成功发送图片配对
收到图片配对请求
成功发送图片配对
收到图片配对请求
成功发送图片配对
收到图片配对请求
成功发送图片配对
收到图片配对请求
成功发送图片配对
收到图片配对请求
成功发送图片配对
收到图片配对请求
成功发送图片配对
收到图片配对请求
成功发送图片配对
收到图片配对请求
成功发送图片配对
收到图片配对请求
成功发送图片配对
收到图片配对请求
成功发送图片配对
收到图片配对请求
成功发送图片配对
收到图片配对请求
成功发送图片配对
收到图片配对请求
成功发送图片配对
收到图片配对请求
成功发送图片配对
收到图片配对请求
成功发送图片配对
收到图片配对请求
成功发送图片配对
收到专家评估图片请求，索引: 14
成功发送专家评估图片: paper_bedroom_16_render_resutls.png
收到专家评估图片请求，索引: 1
成功发送专家评估图片: A_corporate_conference_room_with_wooden__1.png
收到图片配对请求
成功发送图片配对
收到图片配对请求
成功发送图片配对
收到图片配对请求
成功发送图片配对
收到专家评估图片请求，索引: 5
成功发送专家评估图片: florist_shop_1.png
收到专家评估图片请求，索引: 11
成功发送专家评估图片: paper_bedroom_13_render_resutls.png
收到图片配对请求
成功发送图片配对
收到图片配对请求
成功发送图片配对
收到专家评估图片请求，索引: 15
成功发送专家评估图片: paper_bedroom_17_render_resutls.png
收到图片配对请求
成功发送图片配对
收到专家评估图片请求，索引: 58
成功发送专家评估图片: paper_study_1_render_resutls.png
收到图片配对请求
成功发送图片配对
收到图片配对请求
成功发送图片配对
收到图片配对请求
成功发送图片配对
收到图片配对请求
成功发送图片配对
收到图片配对请求
成功发送图片配对
收到图片配对请求
成功发送图片配对
收到专家评估图片请求，索引: 7
成功发送专家评估图片: paper_bathroom_2_render_resutls.png
收到专家评估图片请求，索引: 9
成功发送专家评估图片: paper_bedroom_11_render_resutls.png
收到专家评估图片请求，索引: 0
成功发送专家评估图片: A_children_s_bedroom_with_bunk_beds__col_0.png
收到专家评估图片请求，索引: 12
成功发送专家评估图片: paper_bedroom_14_render_resutls.png
收到专家评估图片请求，索引: 52
成功发送专家评估图片: paper_living_room_4_render_resutls.png
收到专家评估图片请求，索引: 8
成功发送专家评估图片: paper_bedroom_10_render_resutls.png
收到专家评估图片请求，索引: 46
成功发送专家评估图片: paper_living_room_17_render_resutls.png
收到专家评估图片请求，索引: 38
成功发送专家评估图片: paper_laundry_room_1_render_resutls.png
收到专家评估图片请求，索引: 29
成功发送专家评估图片: paper_dining_room_16_render_resutls.png
收到专家评估图片请求，索引: 10
成功发送专家评估图片: paper_bedroom_12_render_resutls.png
收到专家评估图片请求，索引: 48
成功发送专家评估图片: paper_living_room_19_render_resutls.png
收到专家评估图片请求，索引: 20
成功发送专家评估图片: paper_bedroom_7_render_resutls.png
收到图片配对请求
成功发送图片配对
收到专家评估图片请求，索引: 16
成功发送专家评估图片: paper_bedroom_1_render_resutls.png
收到图片配对请求
成功发送图片配对
收到专家评估图片请求，索引: 17
成功发送专家评估图片: paper_bedroom_2_render_resutls.png
收到专家评估图片请求，索引: 19
成功发送专家评估图片: paper_bedroom_6_render_resutls.png
收到专家评估图片请求，索引: 6
成功发送专家评估图片: kitchen_0.png
收到专家评估图片请求，索引: 24
成功发送专家评估图片: paper_dining_room_11_render_resutls.png
收到专家评估图片请求，索引: 30
成功发送专家评估图片: paper_dining_room_17_render_resutls.png
收到专家评估图片请求，索引: 36
成功发送专家评估图片: paper_dining_room_8_render_resutls.png
收到专家评估图片请求，索引: 37
成功发送专家评估图片: paper_dining_room_9_render_resutls.png
收到图片配对请求
成功发送图片配对
收到图片配对请求
成功发送图片配对
收到图片配对请求
成功发送图片配对
收到图片配对请求
成功发送图片配对
收到专家评估图片请求，索引: 57
成功发送专家评估图片: paper_living_room_9_render_resutls.png
收到专家评估图片请求，索引: 55
成功发送专家评估图片: paper_living_room_7_render_resutls.png
收到专家评估图片请求，索引: 14
成功发送专家评估图片: paper_bedroom_16_render_resutls.png
收到专家评估图片请求，索引: 23
成功发送专家评估图片: paper_dining_room_10_render_resutls.png
收到专家评估图片请求，索引: 40
成功发送专家评估图片: paper_living_room_11_render_resutls.png
收到专家评估图片请求，索引: 17
成功发送专家评估图片: paper_bedroom_2_render_resutls.png
收到专家评估图片请求，索引: 13
成功发送专家评估图片: paper_bedroom_15_render_resutls.png
收到专家评估图片请求，索引: 43
成功发送专家评估图片: paper_living_room_14_render_resutls.png
收到专家评估图片请求，索引: 11
成功发送专家评估图片: paper_bedroom_13_render_resutls.png
收到专家评估图片请求，索引: 59
成功发送专家评估图片: paper_waiting_room_1_render_resutls.png
收到专家评估图片请求，索引: 37
成功发送专家评估图片: paper_dining_room_9_render_resutls.png
收到专家评估图片请求，索引: 1
成功发送专家评估图片: A_corporate_conference_room_with_wooden__1.png
收到专家评估图片请求，索引: 47
成功发送专家评估图片: paper_living_room_18_render_resutls.png
收到专家评估图片请求，索引: 52
成功发送专家评估图片: paper_living_room_4_render_resutls.png
收到专家评估图片请求，索引: 31
成功发送专家评估图片: paper_dining_room_1_render_resutls.png
收到专家评估图片请求，索引: 46
成功发送专家评估图片: paper_living_room_17_render_resutls.png
收到专家评估图片请求，索引: 15
成功发送专家评估图片: paper_bedroom_17_render_resutls.png
收到专家评估图片请求，索引: 18
成功发送专家评估图片: paper_bedroom_5_render_resutls.png
收到专家评估图片请求，索引: 7
成功发送专家评估图片: paper_bathroom_2_render_resutls.png
收到专家评估图片请求，索引: 19
成功发送专家评估图片: paper_bedroom_6_render_resutls.png
收到专家评估图片请求，索引: 16
成功发送专家评估图片: paper_bedroom_1_render_resutls.png
收到专家评估图片请求，索引: 2
成功发送专家评估图片: A_rustic_living_room_with_wooden_beams___0.png
收到专家评估图片请求，索引: 45
成功发送专家评估图片: paper_living_room_16_render_resutls.png
收到专家评估图片请求，索引: 52
成功发送专家评估图片: paper_living_room_4_render_resutls.png
收到专家评估图片请求，索引: 23
成功发送专家评估图片: paper_dining_room_10_render_resutls.png
收到专家评估图片请求，索引: 43
成功发送专家评估图片: paper_living_room_14_render_resutls.png
收到专家评估图片请求，索引: 24
成功发送专家评估图片: paper_dining_room_11_render_resutls.png
收到专家评估图片请求，索引: 45
成功发送专家评估图片: paper_living_room_16_render_resutls.png
收到专家评估图片请求，索引: 29
成功发送专家评估图片: paper_dining_room_16_render_resutls.png
收到专家评估图片请求，索引: 51
成功发送专家评估图片: paper_living_room_3_render_resutls.png
收到专家评估图片请求，索引: 53
成功发送专家评估图片: paper_living_room_5_render_resutls.png
收到专家评估图片请求，索引: 53
成功发送专家评估图片: paper_living_room_5_render_resutls.png
收到专家评估图片请求，索引: 51
成功发送专家评估图片: paper_living_room_3_render_resutls.png
收到专家评估图片请求，索引: 43
成功发送专家评估图片: paper_living_room_14_render_resutls.png
收到图片配对请求
成功发送图片配对
收到专家评估图片请求，索引: 23
成功发送专家评估图片: paper_dining_room_10_render_resutls.png
收到专家评估图片请求，索引: 40
成功发送专家评估图片: paper_living_room_11_render_resutls.png
收到专家评估图片请求，索引: 45
成功发送专家评估图片: paper_living_room_16_render_resutls.png
收到专家评估图片请求，索引: 31
成功发送专家评估图片: paper_dining_room_1_render_resutls.png
收到专家评估图片请求，索引: 55
成功发送专家评估图片: paper_living_room_7_render_resutls.png
收到专家评估图片请求，索引: 53
成功发送专家评估图片: paper_living_room_5_render_resutls.png
收到专家评估图片请求，索引: 51
成功发送专家评估图片: paper_living_room_3_render_resutls.png
收到图片配对请求
成功发送图片配对
收到图片配对请求
成功发送图片配对
收到图片配对请求
成功发送图片配对
收到图片配对请求
成功发送图片配对
收到图片配对请求
成功发送图片配对
收到图片配对请求
成功发送图片配对
收到图片配对请求
成功发送图片配对
收到图片配对请求
成功发送图片配对
收到图片配对请求
成功发送图片配对
收到专家评估图片请求，索引: 47
成功发送专家评估图片: paper_living_room_18_render_resutls.png
收到专家评估图片请求，索引: 22
成功发送专家评估图片: paper_bedroom_9_render_resutls.png
收到专家评估图片请求，索引: 31
成功发送专家评估图片: paper_dining_room_1_render_resutls.png
收到专家评估图片请求，索引: 11
成功发送专家评估图片: paper_bedroom_13_render_resutls.png
收到专家评估图片请求，索引: 28
成功发送专家评估图片: paper_dining_room_15_render_resutls.png
收到专家评估图片请求，索引: 2
成功发送专家评估图片: A_rustic_living_room_with_wooden_beams___0.png
收到专家评估图片请求，索引: 39
成功发送专家评估图片: paper_living_room_10_render_resutls.png
收到专家评估图片请求，索引: 57
成功发送专家评估图片: paper_living_room_9_render_resutls.png
收到专家评估图片请求，索引: 55
成功发送专家评估图片: paper_living_room_7_render_resutls.png
收到专家评估图片请求，索引: 10
成功发送专家评估图片: paper_bedroom_12_render_resutls.png
收到专家评估图片请求，索引: 3
成功发送专家评估图片: an_entertainment_room_with_pool_table_an_0.png
收到专家评估图片请求，索引: 43
成功发送专家评估图片: paper_living_room_14_render_resutls.png
收到专家评估图片请求，索引: 13
成功发送专家评估图片: paper_bedroom_15_render_resutls.png
收到专家评估图片请求，索引: 36
成功发送专家评估图片: paper_dining_room_8_render_resutls.png
收到专家评估图片请求，索引: 1
成功发送专家评估图片: A_corporate_conference_room_with_wooden__1.png
收到专家评估图片请求，索引: 43
成功发送专家评估图片: paper_living_room_14_render_resutls.png
收到专家评估图片请求，索引: 12
成功发送专家评估图片: paper_bedroom_14_render_resutls.png
收到专家评估图片请求，索引: 37
成功发送专家评估图片: paper_dining_room_9_render_resutls.png
收到专家评估图片请求，索引: 29
成功发送专家评估图片: paper_dining_room_16_render_resutls.png
收到专家评估图片请求，索引: 9
成功发送专家评估图片: paper_bedroom_11_render_resutls.png
收到专家评估图片请求，索引: 5
成功发送专家评估图片: florist_shop_1.png
收到专家评估图片请求，索引: 18
成功发送专家评估图片: paper_bedroom_5_render_resutls.png
收到专家评估图片请求，索引: 19
成功发送专家评估图片: paper_bedroom_6_render_resutls.png
收到专家评估图片请求，索引: 2
成功发送专家评估图片: A_rustic_living_room_with_wooden_beams___0.png
收到专家评估图片请求，索引: 21
成功发送专家评估图片: paper_bedroom_8_render_resutls.png
收到专家评估图片请求，索引: 50
成功发送专家评估图片: paper_living_room_2_render_resutls.png
收到专家评估图片请求，索引: 24
成功发送专家评估图片: paper_dining_room_11_render_resutls.png
收到专家评估图片请求，索引: 10
成功发送专家评估图片: paper_bedroom_12_render_resutls.png
收到专家评估图片请求，索引: 49
成功发送专家评估图片: paper_living_room_1_render_resutls.png
收到专家评估图片请求，索引: 34
成功发送专家评估图片: paper_dining_room_5_render_resutls.png
收到专家评估图片请求，索引: 20
成功发送专家评估图片: paper_bedroom_7_render_resutls.png
收到专家评估图片请求，索引: 47
成功发送专家评估图片: paper_living_room_18_render_resutls.png
收到专家评估图片请求，索引: 32
成功发送专家评估图片: paper_dining_room_3_render_resutls.png
收到专家评估图片请求，索引: 36
成功发送专家评估图片: paper_dining_room_8_render_resutls.png
收到专家评估图片请求，索引: 8
成功发送专家评估图片: paper_bedroom_10_render_resutls.png
收到专家评估图片请求，索引: 7
成功发送专家评估图片: paper_bathroom_2_render_resutls.png
收到专家评估图片请求，索引: 16
成功发送专家评估图片: paper_bedroom_1_render_resutls.png
收到专家评估图片请求，索引: 21
成功发送专家评估图片: paper_bedroom_8_render_resutls.png
收到专家评估图片请求，索引: 3
成功发送专家评估图片: an_entertainment_room_with_pool_table_an_0.png
收到专家评估图片请求，索引: 57
成功发送专家评估图片: paper_living_room_9_render_resutls.png
收到专家评估图片请求，索引: 18
成功发送专家评估图片: paper_bedroom_5_render_resutls.png
收到专家评估图片请求，索引: 48
成功发送专家评估图片: paper_living_room_19_render_resutls.png
收到专家评估图片请求，索引: 25
成功发送专家评估图片: paper_dining_room_12_render_resutls.png
收到专家评估图片请求，索引: 30
成功发送专家评估图片: paper_dining_room_17_render_resutls.png
收到专家评估图片请求，索引: 0
成功发送专家评估图片: A_children_s_bedroom_with_bunk_beds__col_0.png
收到专家评估图片请求，索引: 51
成功发送专家评估图片: paper_living_room_3_render_resutls.png
收到专家评估图片请求，索引: 39
成功发送专家评估图片: paper_living_room_10_render_resutls.png
收到专家评估图片请求，索引: 19
成功发送专家评估图片: paper_bedroom_6_render_resutls.png
收到专家评估图片请求，索引: 22
成功发送专家评估图片: paper_bedroom_9_render_resutls.png
收到专家评估图片请求，索引: 11
成功发送专家评估图片: paper_bedroom_13_render_resutls.png
收到专家评估图片请求，索引: 24
成功发送专家评估图片: paper_dining_room_11_render_resutls.png
收到专家评估图片请求，索引: 21
成功发送专家评估图片: paper_bedroom_8_render_resutls.png
收到专家评估图片请求，索引: 27
成功发送专家评估图片: paper_dining_room_14_render_resutls.png
收到专家评估图片请求，索引: 31
成功发送专家评估图片: paper_dining_room_1_render_resutls.png
收到专家评估图片请求，索引: 42
成功发送专家评估图片: paper_living_room_13_render_resutls.png
收到专家评估图片请求，索引: 57
成功发送专家评估图片: paper_living_room_9_render_resutls.png
收到专家评估图片请求，索引: 34
成功发送专家评估图片: paper_dining_room_5_render_resutls.png
收到专家评估图片请求，索引: 5
成功发送专家评估图片: florist_shop_1.png
收到专家评估图片请求，索引: 55
成功发送专家评估图片: paper_living_room_7_render_resutls.png
收到专家评估图片请求，索引: 36
成功发送专家评估图片: paper_dining_room_8_render_resutls.png
收到专家评估图片请求，索引: 13
成功发送专家评估图片: paper_bedroom_15_render_resutls.png
收到专家评估图片请求，索引: 12
成功发送专家评估图片: paper_bedroom_14_render_resutls.png
收到专家评估图片请求，索引: 54
成功发送专家评估图片: paper_living_room_6_render_resutls.png
收到专家评估图片请求，索引: 20
成功发送专家评估图片: paper_bedroom_7_render_resutls.png
收到专家评估图片请求，索引: 52
成功发送专家评估图片: paper_living_room_4_render_resutls.png
收到专家评估图片请求，索引: 5
成功发送专家评估图片: florist_shop_1.png
收到专家评估图片请求，索引: 9
成功发送专家评估图片: paper_bedroom_11_render_resutls.png
收到专家评估图片请求，索引: 37
成功发送专家评估图片: paper_dining_room_9_render_resutls.png
收到专家评估图片请求，索引: 21
成功发送专家评估图片: paper_bedroom_8_render_resutls.png
收到专家评估图片请求，索引: 55
成功发送专家评估图片: paper_living_room_7_render_resutls.png
收到专家评估图片请求，索引: 57
成功发送专家评估图片: paper_living_room_9_render_resutls.png
收到专家评估图片请求，索引: 34
成功发送专家评估图片: paper_dining_room_5_render_resutls.png
收到专家评估图片请求，索引: 8
成功发送专家评估图片: paper_bedroom_10_render_resutls.png
收到专家评估图片请求，索引: 1
成功发送专家评估图片: A_corporate_conference_room_with_wooden__1.png
收到专家评估图片请求，索引: 7
成功发送专家评估图片: paper_bathroom_2_render_resutls.png
收到专家评估图片请求，索引: 28
成功发送专家评估图片: paper_dining_room_15_render_resutls.png
收到专家评估图片请求，索引: 1
成功发送专家评估图片: A_corporate_conference_room_with_wooden__1.png
收到专家评估图片请求，索引: 9
成功发送专家评估图片: paper_bedroom_11_render_resutls.png
收到专家评估图片请求，索引: 24
成功发送专家评估图片: paper_dining_room_11_render_resutls.png
收到专家评估图片请求，索引: 19
成功发送专家评估图片: paper_bedroom_6_render_resutls.png
收到专家评估图片请求，索引: 53
成功发送专家评估图片: paper_living_room_5_render_resutls.png
收到专家评估图片请求，索引: 29
成功发送专家评估图片: paper_dining_room_16_render_resutls.png
收到专家评估图片请求，索引: 7
成功发送专家评估图片: paper_bathroom_2_render_resutls.png
收到专家评估图片请求，索引: 6
成功发送专家评估图片: kitchen_0.png
收到专家评估图片请求，索引: 44
成功发送专家评估图片: paper_living_room_15_render_resutls.png
收到专家评估图片请求，索引: 47
成功发送专家评估图片: paper_living_room_18_render_resutls.png
收到专家评估图片请求，索引: 17
成功发送专家评估图片: paper_bedroom_2_render_resutls.png
收到专家评估图片请求，索引: 32
成功发送专家评估图片: paper_dining_room_3_render_resutls.png
收到专家评估图片请求，索引: 49
成功发送专家评估图片: paper_living_room_1_render_resutls.png
收到专家评估图片请求，索引: 16
成功发送专家评估图片: paper_bedroom_1_render_resutls.png
收到专家评估图片请求，索引: 54
成功发送专家评估图片: paper_living_room_6_render_resutls.png
收到专家评估图片请求，索引: 36
成功发送专家评估图片: paper_dining_room_8_render_resutls.png
收到专家评估图片请求，索引: 37
成功发送专家评估图片: paper_dining_room_9_render_resutls.png
收到专家评估图片请求，索引: 29
成功发送专家评估图片: paper_dining_room_16_render_resutls.png
收到专家评估图片请求，索引: 20
成功发送专家评估图片: paper_bedroom_7_render_resutls.png
收到专家评估图片请求，索引: 39
成功发送专家评估图片: paper_living_room_10_render_resutls.png
收到专家评估图片请求，索引: 31
成功发送专家评估图片: paper_dining_room_1_render_resutls.png
收到专家评估图片请求，索引: 28
成功发送专家评估图片: paper_dining_room_15_render_resutls.png
收到专家评估图片请求，索引: 7
成功发送专家评估图片: paper_bathroom_2_render_resutls.png
收到专家评估图片请求，索引: 2
成功发送专家评估图片: A_rustic_living_room_with_wooden_beams___0.png
收到专家评估图片请求，索引: 49
成功发送专家评估图片: paper_living_room_1_render_resutls.png
收到专家评估图片请求，索引: 22
成功发送专家评估图片: paper_bedroom_9_render_resutls.png
收到专家评估图片请求，索引: 25
成功发送专家评估图片: paper_dining_room_12_render_resutls.png
收到专家评估图片请求，索引: 3
成功发送专家评估图片: an_entertainment_room_with_pool_table_an_0.png
收到专家评估图片请求，索引: 30
成功发送专家评估图片: paper_dining_room_17_render_resutls.png
收到专家评估图片请求，索引: 13
成功发送专家评估图片: paper_bedroom_15_render_resutls.png
收到专家评估图片请求，索引: 18
成功发送专家评估图片: paper_bedroom_5_render_resutls.png
收到专家评估图片请求，索引: 24
成功发送专家评估图片: paper_dining_room_11_render_resutls.png
收到专家评估图片请求，索引: 50
成功发送专家评估图片: paper_living_room_2_render_resutls.png
收到专家评估图片请求，索引: 0
成功发送专家评估图片: A_children_s_bedroom_with_bunk_beds__col_0.png
收到专家评估图片请求，索引: 19
成功发送专家评估图片: paper_bedroom_6_render_resutls.png
收到图片配对请求
成功发送图片配对
收到专家评估图片请求，索引: 5
成功发送专家评估图片: florist_shop_1.png
收到图片配对请求
成功发送图片配对
收到图片配对请求
成功发送图片配对
收到专家评估图片请求，索引: 55
成功发送专家评估图片: paper_living_room_7_render_resutls.png
收到专家评估图片请求，索引: 9
成功发送专家评估图片: paper_bedroom_11_render_resutls.png
收到专家评估图片请求，索引: 43
成功发送专家评估图片: paper_living_room_14_render_resutls.png
收到专家评估图片请求，索引: 1
成功发送专家评估图片: A_corporate_conference_room_with_wooden__1.png
收到专家评估图片请求，索引: 54
成功发送专家评估图片: paper_living_room_6_render_resutls.png
收到专家评估图片请求，索引: 32
成功发送专家评估图片: paper_dining_room_3_render_resutls.png
收到专家评估图片请求，索引: 34
成功发送专家评估图片: paper_dining_room_5_render_resutls.png
收到专家评估图片请求，索引: 8
成功发送专家评估图片: paper_bedroom_10_render_resutls.png
收到图片配对请求
成功发送图片配对
收到图片配对请求
成功发送图片配对
收到图片配对请求
成功发送图片配对
收到图片配对请求
成功发送图片配对
收到图片配对请求
成功发送图片配对
收到图片配对请求
成功发送图片配对
收到图片配对请求
成功发送图片配对
收到图片配对请求
成功发送图片配对
收到专家评估图片请求，索引: 16
成功发送专家评估图片: paper_bedroom_1_render_resutls.png
收到专家评估图片请求，索引: 11
成功发送专家评估图片: paper_bedroom_13_render_resutls.png
收到图片配对请求
成功发送图片配对
收到图片配对请求
成功发送图片配对
收到图片配对请求
成功发送图片配对
收到图片配对请求
成功发送图片配对
收到图片配对请求
成功发送图片配对
收到图片配对请求
成功发送图片配对
收到图片配对请求
成功发送图片配对
收到图片配对请求
成功发送图片配对
收到图片配对请求
成功发送图片配对
收到图片配对请求
成功发送图片配对
收到专家评估图片请求，索引: 8
成功发送专家评估图片: paper_bedroom_10_render_resutls.png
收到专家评估图片请求，索引: 18
成功发送专家评估图片: paper_bedroom_5_render_resutls.png
收到专家评估图片请求，索引: 16
成功发送专家评估图片: paper_bedroom_1_render_resutls.png
收到专家评估图片请求，索引: 50
成功发送专家评估图片: paper_living_room_2_render_resutls.png
收到专家评估图片请求，索引: 12
成功发送专家评估图片: paper_bedroom_14_render_resutls.png
收到专家评估图片请求，索引: 4
成功发送专家评估图片: an_organized_workshop_with_tool_storage__1.png
收到专家评估图片请求，索引: 29
成功发送专家评估图片: paper_dining_room_16_render_resutls.png
收到专家评估图片请求，索引: 54
成功发送专家评估图片: paper_living_room_6_render_resutls.png
收到专家评估图片请求，索引: 59
成功发送专家评估图片: paper_waiting_room_1_render_resutls.png
收到专家评估图片请求，索引: 52
成功发送专家评估图片: paper_living_room_4_render_resutls.png
收到专家评估图片请求，索引: 21
成功发送专家评估图片: paper_bedroom_8_render_resutls.png
收到专家评估图片请求，索引: 51
成功发送专家评估图片: paper_living_room_3_render_resutls.png
收到专家评估图片请求，索引: 25
成功发送专家评估图片: paper_dining_room_12_render_resutls.png
收到专家评估图片请求，索引: 46
成功发送专家评估图片: paper_living_room_17_render_resutls.png
收到专家评估图片请求，索引: 2
成功发送专家评估图片: A_rustic_living_room_with_wooden_beams___0.png
收到专家评估图片请求，索引: 45
成功发送专家评估图片: paper_living_room_16_render_resutls.png
收到专家评估图片请求，索引: 31
成功发送专家评估图片: paper_dining_room_1_render_resutls.png
收到专家评估图片请求，索引: 3
成功发送专家评估图片: an_entertainment_room_with_pool_table_an_0.png
收到专家评估图片请求，索引: 4
成功发送专家评估图片: an_organized_workshop_with_tool_storage__1.png
收到专家评估图片请求，索引: 27
成功发送专家评估图片: paper_dining_room_14_render_resutls.png
收到专家评估图片请求，索引: 7
成功发送专家评估图片: paper_bathroom_2_render_resutls.png
收到专家评估图片请求，索引: 37
成功发送专家评估图片: paper_dining_room_9_render_resutls.png
收到专家评估图片请求，索引: 32
成功发送专家评估图片: paper_dining_room_3_render_resutls.png
收到专家评估图片请求，索引: 18
成功发送专家评估图片: paper_bedroom_5_render_resutls.png
收到专家评估图片请求，索引: 0
成功发送专家评估图片: A_children_s_bedroom_with_bunk_beds__col_0.png
收到专家评估图片请求，索引: 22
成功发送专家评估图片: paper_bedroom_9_render_resutls.png
收到专家评估图片请求，索引: 3
成功发送专家评估图片: an_entertainment_room_with_pool_table_an_0.png
收到专家评估图片请求，索引: 54
成功发送专家评估图片: paper_living_room_6_render_resutls.png
收到专家评估图片请求，索引: 11
成功发送专家评估图片: paper_bedroom_13_render_resutls.png
收到专家评估图片请求，索引: 41
成功发送专家评估图片: paper_living_room_12_render_resutls.png
收到专家评估图片请求，索引: 4
成功发送专家评估图片: an_organized_workshop_with_tool_storage__1.png
收到专家评估图片请求，索引: 10
成功发送专家评估图片: paper_bedroom_12_render_resutls.png
收到专家评估图片请求，索引: 30
成功发送专家评估图片: paper_dining_room_17_render_resutls.png
收到专家评估图片请求，索引: 27
成功发送专家评估图片: paper_dining_room_14_render_resutls.png
收到专家评估图片请求，索引: 1
成功发送专家评估图片: A_corporate_conference_room_with_wooden__1.png
收到专家评估图片请求，索引: 28
成功发送专家评估图片: paper_dining_room_15_render_resutls.png
收到专家评估图片请求，索引: 52
成功发送专家评估图片: paper_living_room_4_render_resutls.png
收到专家评估图片请求，索引: 14
成功发送专家评估图片: paper_bedroom_16_render_resutls.png
收到专家评估图片请求，索引: 5
成功发送专家评估图片: florist_shop_1.png
收到专家评估图片请求，索引: 26
成功发送专家评估图片: paper_dining_room_13_render_resutls.png
收到专家评估图片请求，索引: 25
成功发送专家评估图片: paper_dining_room_12_render_resutls.png
收到专家评估图片请求，索引: 24
成功发送专家评估图片: paper_dining_room_11_render_resutls.png
收到专家评估图片请求，索引: 20
成功发送专家评估图片: paper_bedroom_7_render_resutls.png
收到专家评估图片请求，索引: 15
成功发送专家评估图片: paper_bedroom_17_render_resutls.png
收到专家评估图片请求，索引: 0
成功发送专家评估图片: A_children_s_bedroom_with_bunk_beds__col_0.png
收到专家评估图片请求，索引: 19
成功发送专家评估图片: paper_bedroom_6_render_resutls.png
收到专家评估图片请求，索引: 27
成功发送专家评估图片: paper_dining_room_14_render_resutls.png
收到专家评估图片请求，索引: 42
成功发送专家评估图片: paper_living_room_13_render_resutls.png
收到专家评估图片请求，索引: 48
成功发送专家评估图片: paper_living_room_19_render_resutls.png
收到专家评估图片请求，索引: 41
成功发送专家评估图片: paper_living_room_12_render_resutls.png
收到专家评估图片请求，索引: 46
成功发送专家评估图片: paper_living_room_17_render_resutls.png
收到专家评估图片请求，索引: 21
成功发送专家评估图片: paper_bedroom_8_render_resutls.png
收到专家评估图片请求，索引: 53
成功发送专家评估图片: paper_living_room_5_render_resutls.png
收到专家评估图片请求，索引: 49
成功发送专家评估图片: paper_living_room_1_render_resutls.png
收到专家评估图片请求，索引: 51
成功发送专家评估图片: paper_living_room_3_render_resutls.png
收到专家评估图片请求，索引: 59
成功发送专家评估图片: paper_waiting_room_1_render_resutls.png
收到专家评估图片请求，索引: 3
成功发送专家评估图片: an_entertainment_room_with_pool_table_an_0.png
收到专家评估图片请求，索引: 38
成功发送专家评估图片: paper_laundry_room_1_render_resutls.png
收到专家评估图片请求，索引: 54
成功发送专家评估图片: paper_living_room_6_render_resutls.png
收到专家评估图片请求，索引: 42
成功发送专家评估图片: paper_living_room_13_render_resutls.png
收到专家评估图片请求，索引: 39
成功发送专家评估图片: paper_living_room_10_render_resutls.png
收到专家评估图片请求，索引: 11
成功发送专家评估图片: paper_bedroom_13_render_resutls.png
收到专家评估图片请求，索引: 11
成功发送专家评估图片: paper_bedroom_13_render_resutls.png
收到专家评估图片请求，索引: 50
成功发送专家评估图片: paper_living_room_2_render_resutls.png
收到专家评估图片请求，索引: 33
成功发送专家评估图片: paper_dining_room_4_render_resutls.png
收到专家评估图片请求，索引: 26
成功发送专家评估图片: paper_dining_room_13_render_resutls.png
收到专家评估图片请求，索引: 20
成功发送专家评估图片: paper_bedroom_7_render_resutls.png
收到专家评估图片请求，索引: 6
成功发送专家评估图片: kitchen_0.png
收到专家评估图片请求，索引: 24
成功发送专家评估图片: paper_dining_room_11_render_resutls.png
收到专家评估图片请求，索引: 57
成功发送专家评估图片: paper_living_room_9_render_resutls.png
收到专家评估图片请求，索引: 50
成功发送专家评估图片: paper_living_room_2_render_resutls.png
收到专家评估图片请求，索引: 30
成功发送专家评估图片: paper_dining_room_17_render_resutls.png
收到专家评估图片请求，索引: 14
成功发送专家评估图片: paper_bedroom_16_render_resutls.png
收到专家评估图片请求，索引: 26
成功发送专家评估图片: paper_dining_room_13_render_resutls.png
收到专家评估图片请求，索引: 36
成功发送专家评估图片: paper_dining_room_8_render_resutls.png
收到专家评估图片请求，索引: 11
成功发送专家评估图片: paper_bedroom_13_render_resutls.png
收到专家评估图片请求，索引: 46
成功发送专家评估图片: paper_living_room_17_render_resutls.png
收到专家评估图片请求，索引: 21
成功发送专家评估图片: paper_bedroom_8_render_resutls.png
收到专家评估图片请求，索引: 14
成功发送专家评估图片: paper_bedroom_16_render_resutls.png
收到专家评估图片请求，索引: 59
成功发送专家评估图片: paper_waiting_room_1_render_resutls.png
收到专家评估图片请求，索引: 0
成功发送专家评估图片: A_children_s_bedroom_with_bunk_beds__col_0.png
收到专家评估图片请求，索引: 6
成功发送专家评估图片: kitchen_0.png
收到专家评估图片请求，索引: 16
成功发送专家评估图片: paper_bedroom_1_render_resutls.png
收到专家评估图片请求，索引: 39
成功发送专家评估图片: paper_living_room_10_render_resutls.png
收到专家评估图片请求，索引: 4
成功发送专家评估图片: an_organized_workshop_with_tool_storage__1.png
收到专家评估图片请求，索引: 1
成功发送专家评估图片: A_corporate_conference_room_with_wooden__1.png
收到专家评估图片请求，索引: 32
成功发送专家评估图片: paper_dining_room_3_render_resutls.png
收到专家评估图片请求，索引: 25
成功发送专家评估图片: paper_dining_room_12_render_resutls.png
收到专家评估图片请求，索引: 24
成功发送专家评估图片: paper_dining_room_11_render_resutls.png
收到专家评估图片请求，索引: 34
成功发送专家评估图片: paper_dining_room_5_render_resutls.png
收到专家评估图片请求，索引: ${imageIndex}`);
成功发送专家评估图片: undefined
收到专家评估图片请求，索引: ${imageIndex}`);
成功发送专家评估图片: undefined
收到专家评估图片请求，索引: 8
成功发送专家评估图片: paper_bedroom_10_render_resutls.png
收到专家评估图片请求，索引: 7
成功发送专家评估图片: paper_bathroom_2_render_resutls.png
收到专家评估图片请求，索引: 48
成功发送专家评估图片: paper_living_room_19_render_resutls.png
收到专家评估图片请求，索引: 18
成功发送专家评估图片: paper_bedroom_5_render_resutls.png
收到专家评估图片请求，索引: 32
成功发送专家评估图片: paper_dining_room_3_render_resutls.png
收到专家评估图片请求，索引: 3
成功发送专家评估图片: an_entertainment_room_with_pool_table_an_0.png
收到专家评估图片请求，索引: 30
成功发送专家评估图片: paper_dining_room_17_render_resutls.png
收到专家评估图片请求，索引: 31
成功发送专家评估图片: paper_dining_room_1_render_resutls.png
收到专家评估图片请求，索引: 27
成功发送专家评估图片: paper_dining_room_14_render_resutls.png
收到专家评估图片请求，索引: 34
成功发送专家评估图片: paper_dining_room_5_render_resutls.png
收到专家评估图片请求，索引: 6
成功发送专家评估图片: kitchen_0.png
收到专家评估图片请求，索引: 15
成功发送专家评估图片: paper_bedroom_17_render_resutls.png
收到专家评估图片请求，索引: 42
成功发送专家评估图片: paper_living_room_13_render_resutls.png
收到专家评估图片请求，索引: 25
成功发送专家评估图片: paper_dining_room_12_render_resutls.png
收到专家评估图片请求，索引: 52
成功发送专家评估图片: paper_living_room_4_render_resutls.png
收到专家评估图片请求，索引: 11
成功发送专家评估图片: paper_bedroom_13_render_resutls.png
收到专家评估图片请求，索引: 16
成功发送专家评估图片: paper_bedroom_1_render_resutls.png
收到专家评估图片请求，索引: 7
成功发送专家评估图片: paper_bathroom_2_render_resutls.png
收到专家评估图片请求，索引: 58
成功发送专家评估图片: paper_study_1_render_resutls.png
收到专家评估图片请求，索引: 1
成功发送专家评估图片: A_corporate_conference_room_with_wooden__1.png
收到专家评估图片请求，索引: 1
成功发送专家评估图片: A_corporate_conference_room_with_wooden__1.png
收到专家评估图片请求，索引: 28
成功发送专家评估图片: paper_dining_room_15_render_resutls.png
收到专家评估图片请求，索引: 51
成功发送专家评估图片: paper_living_room_3_render_resutls.png
收到专家评估图片请求，索引: 37
成功发送专家评估图片: paper_dining_room_9_render_resutls.png
收到专家评估图片请求，索引: 56
成功发送专家评估图片: paper_living_room_8_render_resutls.png
收到专家评估图片请求，索引: 14
成功发送专家评估图片: paper_bedroom_16_render_resutls.png
收到专家评估图片请求，索引: 9
成功发送专家评估图片: paper_bedroom_11_render_resutls.png
收到专家评估图片请求，索引: 22
成功发送专家评估图片: paper_bedroom_9_render_resutls.png
收到专家评估图片请求，索引: 19
成功发送专家评估图片: paper_bedroom_6_render_resutls.png
收到专家评估图片请求，索引: 4
成功发送专家评估图片: an_organized_workshop_with_tool_storage__1.png
收到专家评估图片请求，索引: 34
成功发送专家评估图片: paper_dining_room_5_render_resutls.png
收到专家评估图片请求，索引: 53
成功发送专家评估图片: paper_living_room_5_render_resutls.png
收到专家评估图片请求，索引: 2
成功发送专家评估图片: A_rustic_living_room_with_wooden_beams___0.png
收到专家评估图片请求，索引: 11
成功发送专家评估图片: paper_bedroom_13_render_resutls.png
收到专家评估图片请求，索引: 50
成功发送专家评估图片: paper_living_room_2_render_resutls.png
收到专家评估图片请求，索引: 32
成功发送专家评估图片: paper_dining_room_3_render_resutls.png
收到专家评估图片请求，索引: 10
成功发送专家评估图片: paper_bedroom_12_render_resutls.png
收到专家评估图片请求，索引: 13
成功发送专家评估图片: paper_bedroom_15_render_resutls.png
收到专家评估图片请求，索引: 9
成功发送专家评估图片: paper_bedroom_11_render_resutls.png
收到专家评估图片请求，索引: 18
成功发送专家评估图片: paper_bedroom_5_render_resutls.png
收到专家评估图片请求，索引: 12
成功发送专家评估图片: paper_bedroom_14_render_resutls.png
收到专家评估图片请求，索引: 33
成功发送专家评估图片: paper_dining_room_4_render_resutls.png
收到专家评估图片请求，索引: 43
成功发送专家评估图片: paper_living_room_14_render_resutls.png
收到专家评估图片请求，索引: 1
成功发送专家评估图片: A_corporate_conference_room_with_wooden__1.png
收到专家评估图片请求，索引: 11
成功发送专家评估图片: paper_bedroom_13_render_resutls.png
收到专家评估图片请求，索引: 53
成功发送专家评估图片: paper_living_room_5_render_resutls.png
收到专家评估图片请求，索引: 45
成功发送专家评估图片: paper_living_room_16_render_resutls.png
收到专家评估图片请求，索引: 28
成功发送专家评估图片: paper_dining_room_15_render_resutls.png
收到专家评估图片请求，索引: 24
成功发送专家评估图片: paper_dining_room_11_render_resutls.png
收到专家评估图片请求，索引: 46
成功发送专家评估图片: paper_living_room_17_render_resutls.png
收到专家评估图片请求，索引: 21
成功发送专家评估图片: paper_bedroom_8_render_resutls.png
收到专家评估图片请求，索引: 17
成功发送专家评估图片: paper_bedroom_2_render_resutls.png
收到专家评估图片请求，索引: 4
成功发送专家评估图片: an_organized_workshop_with_tool_storage__1.png
收到专家评估图片请求，索引: 43
成功发送专家评估图片: paper_living_room_14_render_resutls.png
收到专家评估图片请求，索引: 57
成功发送专家评估图片: paper_living_room_9_render_resutls.png
收到专家评估图片请求，索引: 1
成功发送专家评估图片: A_corporate_conference_room_with_wooden__1.png
收到专家评估图片请求，索引: 59
成功发送专家评估图片: paper_waiting_room_1_render_resutls.png
收到专家评估图片请求，索引: 58
成功发送专家评估图片: paper_study_1_render_resutls.png
收到专家评估图片请求，索引: 32
成功发送专家评估图片: paper_dining_room_3_render_resutls.png
收到专家评估图片请求，索引: 26
成功发送专家评估图片: paper_dining_room_13_render_resutls.png
收到专家评估图片请求，索引: 49
成功发送专家评估图片: paper_living_room_1_render_resutls.png
收到专家评估图片请求，索引: 42
成功发送专家评估图片: paper_living_room_13_render_resutls.png
收到专家评估图片请求，索引: 38
成功发送专家评估图片: paper_laundry_room_1_render_resutls.png
收到专家评估图片请求，索引: 47
成功发送专家评估图片: paper_living_room_18_render_resutls.png
收到专家评估图片请求，索引: 25
成功发送专家评估图片: paper_dining_room_12_render_resutls.png
收到专家评估图片请求，索引: 18
成功发送专家评估图片: paper_bedroom_5_render_resutls.png
收到专家评估图片请求，索引: 48
成功发送专家评估图片: paper_living_room_19_render_resutls.png
收到专家评估图片请求，索引: 51
成功发送专家评估图片: paper_living_room_3_render_resutls.png
收到专家评估图片请求，索引: 13
成功发送专家评估图片: paper_bedroom_15_render_resutls.png
收到专家评估图片请求，索引: 9
成功发送专家评估图片: paper_bedroom_11_render_resutls.png
收到专家评估图片请求，索引: 47
成功发送专家评估图片: paper_living_room_18_render_resutls.png
收到专家评估图片请求，索引: 6
成功发送专家评估图片: kitchen_0.png
收到专家评估图片请求，索引: 8
成功发送专家评估图片: paper_bedroom_10_render_resutls.png
收到专家评估图片请求，索引: 11
成功发送专家评估图片: paper_bedroom_13_render_resutls.png
收到专家评估图片请求，索引: 45
成功发送专家评估图片: paper_living_room_16_render_resutls.png
收到专家评估图片请求，索引: 44
成功发送专家评估图片: paper_living_room_15_render_resutls.png
收到专家评估图片请求，索引: 52
成功发送专家评估图片: paper_living_room_4_render_resutls.png
收到专家评估图片请求，索引: 30
成功发送专家评估图片: paper_dining_room_17_render_resutls.png
收到专家评估图片请求，索引: 3
成功发送专家评估图片: an_entertainment_room_with_pool_table_an_0.png
收到专家评估图片请求，索引: 33
成功发送专家评估图片: paper_dining_room_4_render_resutls.png
收到专家评估图片请求，索引: 27
成功发送专家评估图片: paper_dining_room_14_render_resutls.png
收到专家评估图片请求，索引: 26
成功发送专家评估图片: paper_dining_room_13_render_resutls.png
收到专家评估图片请求，索引: 12
成功发送专家评估图片: paper_bedroom_14_render_resutls.png
收到专家评估图片请求，索引: 43
成功发送专家评估图片: paper_living_room_14_render_resutls.png
收到图片配对请求
成功发送图片配对
收到专家评估图片请求，索引: 38
成功发送专家评估图片: paper_laundry_room_1_render_resutls.png
收到图片配对请求
成功发送图片配对
收到专家评估图片请求，索引: 46
成功发送专家评估图片: paper_living_room_17_render_resutls.png
收到专家评估图片请求，索引: 18
成功发送专家评估图片: paper_bedroom_5_render_resutls.png
收到专家评估图片请求，索引: 47
成功发送专家评估图片: paper_living_room_18_render_resutls.png
收到图片配对请求
成功发送图片配对
收到专家评估图片请求，索引: 56
成功发送专家评估图片: paper_living_room_8_render_resutls.png
收到专家评估图片请求，索引: 45
成功发送专家评估图片: paper_living_room_16_render_resutls.png
收到专家评估图片请求，索引: 9
成功发送专家评估图片: paper_bedroom_11_render_resutls.png
收到专家评估图片请求，索引: 53
成功发送专家评估图片: paper_living_room_5_render_resutls.png
收到专家评估图片请求，索引: 39
成功发送专家评估图片: paper_living_room_10_render_resutls.png
收到专家评估图片请求，索引: 10
成功发送专家评估图片: paper_bedroom_12_render_resutls.png
收到图片配对请求
成功发送图片配对
收到专家评估图片请求，索引: 57
成功发送专家评估图片: paper_living_room_9_render_resutls.png
收到图片配对请求
成功发送图片配对
收到专家评估图片请求，索引: 50
成功发送专家评估图片: paper_living_room_2_render_resutls.png
收到图片配对请求
成功发送图片配对
收到专家评估图片请求，索引: 11
成功发送专家评估图片: paper_bedroom_13_render_resutls.png
收到专家评估图片请求，索引: 24
成功发送专家评估图片: paper_dining_room_11_render_resutls.png
收到专家评估图片请求，索引: 10
成功发送专家评估图片: paper_bedroom_12_render_resutls.png
收到专家评估图片请求，索引: 42
成功发送专家评估图片: paper_living_room_13_render_resutls.png
收到专家评估图片请求，索引: 48
成功发送专家评估图片: paper_living_room_19_render_resutls.png
收到专家评估图片请求，索引: 13
成功发送专家评估图片: paper_bedroom_15_render_resutls.png
收到专家评估图片请求，索引: 19
成功发送专家评估图片: paper_bedroom_6_render_resutls.png
收到专家评估图片请求，索引: 19
成功发送专家评估图片: paper_bedroom_6_render_resutls.png
收到专家评估图片请求，索引: 50
成功发送专家评估图片: paper_living_room_2_render_resutls.png
收到专家评估图片请求，索引: 32
成功发送专家评估图片: paper_dining_room_3_render_resutls.png
收到专家评估图片请求，索引: 54
成功发送专家评估图片: paper_living_room_6_render_resutls.png
收到专家评估图片请求，索引: 26
成功发送专家评估图片: paper_dining_room_13_render_resutls.png
收到专家评估图片请求，索引: 26
成功发送专家评估图片: paper_dining_room_13_render_resutls.png
收到专家评估图片请求，索引: 41
成功发送专家评估图片: paper_living_room_12_render_resutls.png
收到专家评估图片请求，索引: 56
成功发送专家评估图片: paper_living_room_8_render_resutls.png
收到专家评估图片请求，索引: 15
成功发送专家评估图片: paper_bedroom_17_render_resutls.png
收到专家评估图片请求，索引: 53
成功发送专家评估图片: paper_living_room_5_render_resutls.png
收到专家评估图片请求，索引: 20
成功发送专家评估图片: paper_bedroom_7_render_resutls.png
收到专家评估图片请求，索引: 58
成功发送专家评估图片: paper_study_1_render_resutls.png
收到专家评估图片请求，索引: 8
成功发送专家评估图片: paper_bedroom_10_render_resutls.png
收到专家评估图片请求，索引: 38
成功发送专家评估图片: paper_laundry_room_1_render_resutls.png
收到专家评估图片请求，索引: 37
成功发送专家评估图片: paper_dining_room_9_render_resutls.png
收到专家评估图片请求，索引: 51
成功发送专家评估图片: paper_living_room_3_render_resutls.png
收到专家评估图片请求，索引: 15
成功发送专家评估图片: paper_bedroom_17_render_resutls.png
收到专家评估图片请求，索引: 44
成功发送专家评估图片: paper_living_room_15_render_resutls.png
收到专家评估图片请求，索引: 38
成功发送专家评估图片: paper_laundry_room_1_render_resutls.png
收到专家评估图片请求，索引: 6
成功发送专家评估图片: kitchen_0.png
收到专家评估图片请求，索引: 46
成功发送专家评估图片: paper_living_room_17_render_resutls.png
收到专家评估图片请求，索引: 16
成功发送专家评估图片: paper_bedroom_1_render_resutls.png
收到专家评估图片请求，索引: 23
成功发送专家评估图片: paper_dining_room_10_render_resutls.png
收到专家评估图片请求，索引: 24
成功发送专家评估图片: paper_dining_room_11_render_resutls.png
收到专家评估图片请求，索引: 51
成功发送专家评估图片: paper_living_room_3_render_resutls.png
收到专家评估图片请求，索引: 4
成功发送专家评估图片: an_organized_workshop_with_tool_storage__1.png
收到专家评估图片请求，索引: 26
成功发送专家评估图片: paper_dining_room_13_render_resutls.png
收到专家评估图片请求，索引: 5
成功发送专家评估图片: florist_shop_1.png
收到专家评估图片请求，索引: 57
成功发送专家评估图片: paper_living_room_9_render_resutls.png
收到专家评估图片请求，索引: 39
成功发送专家评估图片: paper_living_room_10_render_resutls.png
收到专家评估图片请求，索引: 11
成功发送专家评估图片: paper_bedroom_13_render_resutls.png
收到专家评估图片请求，索引: 13
成功发送专家评估图片: paper_bedroom_15_render_resutls.png
收到专家评估图片请求，索引: 12
成功发送专家评估图片: paper_bedroom_14_render_resutls.png
收到专家评估图片请求，索引: 2
成功发送专家评估图片: A_rustic_living_room_with_wooden_beams___0.png
收到图片配对请求
成功发送图片配对
收到专家评估图片请求，索引: 41
成功发送专家评估图片: paper_living_room_12_render_resutls.png
收到专家评估图片请求，索引: 34
成功发送专家评估图片: paper_dining_room_5_render_resutls.png
收到专家评估图片请求，索引: 53
成功发送专家评估图片: paper_living_room_5_render_resutls.png
收到专家评估图片请求，索引: 18
成功发送专家评估图片: paper_bedroom_5_render_resutls.png
收到专家评估图片请求，索引: 48
成功发送专家评估图片: paper_living_room_19_render_resutls.png
收到专家评估图片请求，索引: 7
成功发送专家评估图片: paper_bathroom_2_render_resutls.png
收到专家评估图片请求，索引: 31
成功发送专家评估图片: paper_dining_room_1_render_resutls.png
收到图片配对请求
成功发送图片配对
收到专家评估图片请求，索引: 29
成功发送专家评估图片: paper_dining_room_16_render_resutls.png
收到专家评估图片请求，索引: 23
成功发送专家评估图片: paper_dining_room_10_render_resutls.png
收到专家评估图片请求，索引: 23
成功发送专家评估图片: paper_dining_room_10_render_resutls.png
收到专家评估图片请求，索引: 46
成功发送专家评估图片: paper_living_room_17_render_resutls.png
收到专家评估图片请求，索引: 25
成功发送专家评估图片: paper_dining_room_12_render_resutls.png
收到图片配对请求
成功发送图片配对
收到图片配对请求
成功发送图片配对
收到图片配对请求
成功发送图片配对
收到专家评估图片请求，索引: 42
成功发送专家评估图片: paper_living_room_13_render_resutls.png
收到图片配对请求
成功发送图片配对
收到专家评估图片请求，索引: 30
成功发送专家评估图片: paper_dining_room_17_render_resutls.png
收到专家评估图片请求，索引: 39
成功发送专家评估图片: paper_living_room_10_render_resutls.png
收到专家评估图片请求，索引: 52
成功发送专家评估图片: paper_living_room_4_render_resutls.png
收到专家评估图片请求，索引: 2
成功发送专家评估图片: A_rustic_living_room_with_wooden_beams___0.png
收到专家评估图片请求，索引: 52
成功发送专家评估图片: paper_living_room_4_render_resutls.png
收到专家评估图片请求，索引: 37
成功发送专家评估图片: paper_dining_room_9_render_resutls.png
收到专家评估图片请求，索引: 46
成功发送专家评估图片: paper_living_room_17_render_resutls.png
收到专家评估图片请求，索引: 2
成功发送专家评估图片: A_rustic_living_room_with_wooden_beams___0.png
收到专家评估图片请求，索引: 47
成功发送专家评估图片: paper_living_room_18_render_resutls.png
收到专家评估图片请求，索引: 0
成功发送专家评估图片: A_children_s_bedroom_with_bunk_beds__col_0.png
收到专家评估图片请求，索引: 1
成功发送专家评估图片: A_corporate_conference_room_with_wooden__1.png
收到专家评估图片请求，索引: 38
成功发送专家评估图片: paper_laundry_room_1_render_resutls.png
收到专家评估图片请求，索引: 31
成功发送专家评估图片: paper_dining_room_1_render_resutls.png
收到专家评估图片请求，索引: 59
成功发送专家评估图片: paper_waiting_room_1_render_resutls.png
收到专家评估图片请求，索引: 3
成功发送专家评估图片: an_entertainment_room_with_pool_table_an_0.png
收到专家评估图片请求，索引: 38
成功发送专家评估图片: paper_laundry_room_1_render_resutls.png
收到专家评估图片请求，索引: 16
成功发送专家评估图片: paper_bedroom_1_render_resutls.png
收到专家评估图片请求，索引: 33
成功发送专家评估图片: paper_dining_room_4_render_resutls.png
收到专家评估图片请求，索引: 30
成功发送专家评估图片: paper_dining_room_17_render_resutls.png
收到专家评估图片请求，索引: 43
成功发送专家评估图片: paper_living_room_14_render_resutls.png
收到专家评估图片请求，索引: 39
成功发送专家评估图片: paper_living_room_10_render_resutls.png
收到专家评估图片请求，索引: 5
成功发送专家评估图片: florist_shop_1.png
收到专家评估图片请求，索引: 5
成功发送专家评估图片: florist_shop_1.png
收到专家评估图片请求，索引: 5
成功发送专家评估图片: florist_shop_1.png
收到图片配对请求
成功发送图片配对
收到图片配对请求
成功发送图片配对
收到图片配对请求
成功发送图片配对
收到图片配对请求
成功发送图片配对
收到图片配对请求
成功发送图片配对
收到图片配对请求
成功发送图片配对
收到图片配对请求
成功发送图片配对
收到图片配对请求
成功发送图片配对
收到图片配对请求
成功发送图片配对
收到图片配对请求
成功发送图片配对
收到专家评估图片请求，索引: 22
成功发送专家评估图片: paper_bedroom_9_render_resutls.png
收到专家评估图片请求，索引: 22
成功发送专家评估图片: paper_bedroom_9_render_resutls.png
收到图片配对请求
成功发送图片配对
收到专家评估图片请求，索引: 21
成功发送专家评估图片: paper_bedroom_8_render_resutls.png
收到专家评估图片请求，索引: 10
成功发送专家评估图片: paper_bedroom_12_render_resutls.png
收到专家评估图片请求，索引: 53
成功发送专家评估图片: paper_living_room_5_render_resutls.png
收到专家评估图片请求，索引: 28
成功发送专家评估图片: paper_dining_room_15_render_resutls.png
收到专家评估图片请求，索引: 22
成功发送专家评估图片: paper_bedroom_9_render_resutls.png
收到专家评估图片请求，索引: 1
成功发送专家评估图片: A_corporate_conference_room_with_wooden__1.png
收到专家评估图片请求，索引: 20
成功发送专家评估图片: paper_bedroom_7_render_resutls.png
收到专家评估图片请求，索引: 43
成功发送专家评估图片: paper_living_room_14_render_resutls.png
收到专家评估图片请求，索引: 9
成功发送专家评估图片: paper_bedroom_11_render_resutls.png
收到专家评估图片请求，索引: 35
成功发送专家评估图片: paper_dining_room_7_render_resutls.png
收到专家评估图片请求，索引: 36
成功发送专家评估图片: paper_dining_room_8_render_resutls.png
收到专家评估图片请求，索引: 48
成功发送专家评估图片: paper_living_room_19_render_resutls.png
收到专家评估图片请求，索引: 3
成功发送专家评估图片: an_entertainment_room_with_pool_table_an_0.png
收到专家评估图片请求，索引: 45
成功发送专家评估图片: paper_living_room_16_render_resutls.png
收到专家评估图片请求，索引: 24
成功发送专家评估图片: paper_dining_room_11_render_resutls.png
收到专家评估图片请求，索引: 23
成功发送专家评估图片: paper_dining_room_10_render_resutls.png
收到专家评估图片请求，索引: 29
成功发送专家评估图片: paper_dining_room_16_render_resutls.png
收到专家评估图片请求，索引: 33
成功发送专家评估图片: paper_dining_room_4_render_resutls.png
收到专家评估图片请求，索引: 58
成功发送专家评估图片: paper_study_1_render_resutls.png
收到专家评估图片请求，索引: 52
成功发送专家评估图片: paper_living_room_4_render_resutls.png
收到专家评估图片请求，索引: 19
成功发送专家评估图片: paper_bedroom_6_render_resutls.png
收到专家评估图片请求，索引: 21
成功发送专家评估图片: paper_bedroom_8_render_resutls.png
收到专家评估图片请求，索引: 48
成功发送专家评估图片: paper_living_room_19_render_resutls.png
收到专家评估图片请求，索引: 24
成功发送专家评估图片: paper_dining_room_11_render_resutls.png
收到专家评估图片请求，索引: 53
成功发送专家评估图片: paper_living_room_5_render_resutls.png
收到专家评估图片请求，索引: 42
成功发送专家评估图片: paper_living_room_13_render_resutls.png
收到专家评估图片请求，索引: 20
成功发送专家评估图片: paper_bedroom_7_render_resutls.png
收到专家评估图片请求，索引: 57
成功发送专家评估图片: paper_living_room_9_render_resutls.png
收到专家评估图片请求，索引: 9
成功发送专家评估图片: paper_bedroom_11_render_resutls.png
收到专家评估图片请求，索引: 28
成功发送专家评估图片: paper_dining_room_15_render_resutls.png
收到专家评估图片请求，索引: 44
成功发送专家评估图片: paper_living_room_15_render_resutls.png
收到专家评估图片请求，索引: 37
成功发送专家评估图片: paper_dining_room_9_render_resutls.png
收到专家评估图片请求，索引: 33
成功发送专家评估图片: paper_dining_room_4_render_resutls.png
收到专家评估图片请求，索引: 45
成功发送专家评估图片: paper_living_room_16_render_resutls.png
收到专家评估图片请求，索引: 38
成功发送专家评估图片: paper_laundry_room_1_render_resutls.png
收到专家评估图片请求，索引: 8
成功发送专家评估图片: paper_bedroom_10_render_resutls.png
收到专家评估图片请求，索引: 21
成功发送专家评估图片: paper_bedroom_8_render_resutls.png
收到专家评估图片请求，索引: 5
成功发送专家评估图片: florist_shop_1.png
收到专家评估图片请求，索引: 32
成功发送专家评估图片: paper_dining_room_3_render_resutls.png
收到专家评估图片请求，索引: 25
成功发送专家评估图片: paper_dining_room_12_render_resutls.png
收到专家评估图片请求，索引: 55
成功发送专家评估图片: paper_living_room_7_render_resutls.png
收到专家评估图片请求，索引: 0
成功发送专家评估图片: A_children_s_bedroom_with_bunk_beds__col_0.png
收到专家评估图片请求，索引: 41
成功发送专家评估图片: paper_living_room_12_render_resutls.png
收到专家评估图片请求，索引: 34
成功发送专家评估图片: paper_dining_room_5_render_resutls.png
收到专家评估图片请求，索引: 3
成功发送专家评估图片: an_entertainment_room_with_pool_table_an_0.png
收到专家评估图片请求，索引: 48
成功发送专家评估图片: paper_living_room_19_render_resutls.png
收到专家评估图片请求，索引: 29
成功发送专家评估图片: paper_dining_room_16_render_resutls.png
收到专家评估图片请求，索引: 10
成功发送专家评估图片: paper_bedroom_12_render_resutls.png
收到专家评估图片请求，索引: 30
成功发送专家评估图片: paper_dining_room_17_render_resutls.png
收到专家评估图片请求，索引: 53
成功发送专家评估图片: paper_living_room_5_render_resutls.png
收到专家评估图片请求，索引: 56
成功发送专家评估图片: paper_living_room_8_render_resutls.png
收到专家评估图片请求，索引: 55
成功发送专家评估图片: paper_living_room_7_render_resutls.png
收到专家评估图片请求，索引: 50
成功发送专家评估图片: paper_living_room_2_render_resutls.png
收到专家评估图片请求，索引: 15
成功发送专家评估图片: paper_bedroom_17_render_resutls.png
收到专家评估图片请求，索引: 34
成功发送专家评估图片: paper_dining_room_5_render_resutls.png
收到专家评估图片请求，索引: 14
成功发送专家评估图片: paper_bedroom_16_render_resutls.png
收到专家评估图片请求，索引: 38
成功发送专家评估图片: paper_laundry_room_1_render_resutls.png
收到专家评估图片请求，索引: 45
成功发送专家评估图片: paper_living_room_16_render_resutls.png
收到专家评估图片请求，索引: 26
成功发送专家评估图片: paper_dining_room_13_render_resutls.png
收到专家评估图片请求，索引: 44
成功发送专家评估图片: paper_living_room_15_render_resutls.png
收到专家评估图片请求，索引: 54
成功发送专家评估图片: paper_living_room_6_render_resutls.png
收到专家评估图片请求，索引: 46
成功发送专家评估图片: paper_living_room_17_render_resutls.png
收到专家评估图片请求，索引: 48
成功发送专家评估图片: paper_living_room_19_render_resutls.png
收到专家评估图片请求，索引: 57
成功发送专家评估图片: paper_living_room_9_render_resutls.png
收到专家评估图片请求，索引: 34
成功发送专家评估图片: paper_dining_room_5_render_resutls.png
收到专家评估图片请求，索引: 39
成功发送专家评估图片: paper_living_room_10_render_resutls.png
收到专家评估图片请求，索引: 51
成功发送专家评估图片: paper_living_room_3_render_resutls.png
收到专家评估图片请求，索引: 43
成功发送专家评估图片: paper_living_room_14_render_resutls.png
收到专家评估图片请求，索引: 9
成功发送专家评估图片: paper_bedroom_11_render_resutls.png
收到专家评估图片请求，索引: 36
成功发送专家评估图片: paper_dining_room_8_render_resutls.png
收到专家评估图片请求，索引: 59
成功发送专家评估图片: paper_waiting_room_1_render_resutls.png
收到专家评估图片请求，索引: 50
成功发送专家评估图片: paper_living_room_2_render_resutls.png
收到专家评估图片请求，索引: 15
成功发送专家评估图片: paper_bedroom_17_render_resutls.png
收到专家评估图片请求，索引: 16
成功发送专家评估图片: paper_bedroom_1_render_resutls.png
收到专家评估图片请求，索引: 14
成功发送专家评估图片: paper_bedroom_16_render_resutls.png
收到专家评估图片请求，索引: 26
成功发送专家评估图片: paper_dining_room_13_render_resutls.png
收到专家评估图片请求，索引: 2
成功发送专家评估图片: A_rustic_living_room_with_wooden_beams___0.png
收到专家评估图片请求，索引: 28
成功发送专家评估图片: paper_dining_room_15_render_resutls.png
收到专家评估图片请求，索引: 15
成功发送专家评估图片: paper_bedroom_17_render_resutls.png
收到专家评估图片请求，索引: 13
成功发送专家评估图片: paper_bedroom_15_render_resutls.png
收到专家评估图片请求，索引: 24
成功发送专家评估图片: paper_dining_room_11_render_resutls.png
收到专家评估图片请求，索引: 23
成功发送专家评估图片: paper_dining_room_10_render_resutls.png
收到专家评估图片请求，索引: 0
成功发送专家评估图片: A_children_s_bedroom_with_bunk_beds__col_0.png
收到专家评估图片请求，索引: 25
成功发送专家评估图片: paper_dining_room_12_render_resutls.png
收到专家评估图片请求，索引: 19
成功发送专家评估图片: paper_bedroom_6_render_resutls.png
收到专家评估图片请求，索引: 47
成功发送专家评估图片: paper_living_room_18_render_resutls.png
收到专家评估图片请求，索引: 12
成功发送专家评估图片: paper_bedroom_14_render_resutls.png
收到专家评估图片请求，索引: 55
成功发送专家评估图片: paper_living_room_7_render_resutls.png
收到专家评估图片请求，索引: 10
成功发送专家评估图片: paper_bedroom_12_render_resutls.png
收到专家评估图片请求，索引: 24
成功发送专家评估图片: paper_dining_room_11_render_resutls.png
收到专家评估图片请求，索引: 39
成功发送专家评估图片: paper_living_room_10_render_resutls.png
收到专家评估图片请求，索引: 26
成功发送专家评估图片: paper_dining_room_13_render_resutls.png
收到专家评估图片请求，索引: 9
成功发送专家评估图片: paper_bedroom_11_render_resutls.png
收到专家评估图片请求，索引: 37
成功发送专家评估图片: paper_dining_room_9_render_resutls.png
收到专家评估图片请求，索引: 41
成功发送专家评估图片: paper_living_room_12_render_resutls.png
收到专家评估图片请求，索引: 5
成功发送专家评估图片: florist_shop_1.png
收到专家评估图片请求，索引: 8
成功发送专家评估图片: paper_bedroom_10_render_resutls.png
收到专家评估图片请求，索引: 58
成功发送专家评估图片: paper_study_1_render_resutls.png
收到专家评估图片请求，索引: 1
成功发送专家评估图片: A_corporate_conference_room_with_wooden__1.png
收到专家评估图片请求，索引: 23
成功发送专家评估图片: paper_dining_room_10_render_resutls.png
收到专家评估图片请求，索引: 21
成功发送专家评估图片: paper_bedroom_8_render_resutls.png
收到专家评估图片请求，索引: 30
成功发送专家评估图片: paper_dining_room_17_render_resutls.png
收到专家评估图片请求，索引: 35
成功发送专家评估图片: paper_dining_room_7_render_resutls.png
收到专家评估图片请求，索引: 46
成功发送专家评估图片: paper_living_room_17_render_resutls.png
收到专家评估图片请求，索引: 47
成功发送专家评估图片: paper_living_room_18_render_resutls.png
收到专家评估图片请求，索引: 37
成功发送专家评估图片: paper_dining_room_9_render_resutls.png
收到专家评估图片请求，索引: 56
成功发送专家评估图片: paper_living_room_8_render_resutls.png
收到专家评估图片请求，索引: 53
成功发送专家评估图片: paper_living_room_5_render_resutls.png
收到专家评估图片请求，索引: 0
成功发送专家评估图片: A_children_s_bedroom_with_bunk_beds__col_0.png
收到专家评估图片请求，索引: 36
成功发送专家评估图片: paper_dining_room_8_render_resutls.png
收到专家评估图片请求，索引: 48
成功发送专家评估图片: paper_living_room_19_render_resutls.png
收到专家评估图片请求，索引: 59
成功发送专家评估图片: paper_waiting_room_1_render_resutls.png
收到专家评估图片请求，索引: 50
成功发送专家评估图片: paper_living_room_2_render_resutls.png
收到专家评估图片请求，索引: 45
成功发送专家评估图片: paper_living_room_16_render_resutls.png
收到专家评估图片请求，索引: 14
成功发送专家评估图片: paper_bedroom_16_render_resutls.png
收到专家评估图片请求，索引: 41
成功发送专家评估图片: paper_living_room_12_render_resutls.png
收到专家评估图片请求，索引: 46
成功发送专家评估图片: paper_living_room_17_render_resutls.png
收到专家评估图片请求，索引: 39
成功发送专家评估图片: paper_living_room_10_render_resutls.png
收到专家评估图片请求，索引: 16
成功发送专家评估图片: paper_bedroom_1_render_resutls.png
收到专家评估图片请求，索引: 47
成功发送专家评估图片: paper_living_room_18_render_resutls.png
收到专家评估图片请求，索引: 28
成功发送专家评估图片: paper_dining_room_15_render_resutls.png
收到专家评估图片请求，索引: 0
成功发送专家评估图片: A_children_s_bedroom_with_bunk_beds__col_0.png
收到专家评估图片请求，索引: 9
成功发送专家评估图片: paper_bedroom_11_render_resutls.png
收到专家评估图片请求，索引: 59
成功发送专家评估图片: paper_waiting_room_1_render_resutls.png
收到专家评估图片请求，索引: 58
成功发送专家评估图片: paper_study_1_render_resutls.png
收到专家评估图片请求，索引: 1
成功发送专家评估图片: A_corporate_conference_room_with_wooden__1.png
收到专家评估图片请求，索引: 20
成功发送专家评估图片: paper_bedroom_7_render_resutls.png
收到专家评估图片请求，索引: 34
成功发送专家评估图片: paper_dining_room_5_render_resutls.png
收到专家评估图片请求，索引: 33
成功发送专家评估图片: paper_dining_room_4_render_resutls.png
收到专家评估图片请求，索引: 25
成功发送专家评估图片: paper_dining_room_12_render_resutls.png
收到专家评估图片请求，索引: 15
成功发送专家评估图片: paper_bedroom_17_render_resutls.png
收到专家评估图片请求，索引: 35
成功发送专家评估图片: paper_dining_room_7_render_resutls.png
收到专家评估图片请求，索引: 26
成功发送专家评估图片: paper_dining_room_13_render_resutls.png
收到专家评估图片请求，索引: 55
成功发送专家评估图片: paper_living_room_7_render_resutls.png
收到专家评估图片请求，索引: 29
成功发送专家评估图片: paper_dining_room_16_render_resutls.png
收到专家评估图片请求，索引: 52
成功发送专家评估图片: paper_living_room_4_render_resutls.png
收到专家评估图片请求，索引: 2
成功发送专家评估图片: A_rustic_living_room_with_wooden_beams___0.png
收到专家评估图片请求，索引: 53
成功发送专家评估图片: paper_living_room_5_render_resutls.png
收到专家评估图片请求，索引: 57
成功发送专家评估图片: paper_living_room_9_render_resutls.png
收到专家评估图片请求，索引: 30
成功发送专家评估图片: paper_dining_room_17_render_resutls.png
收到专家评估图片请求，索引: 43
成功发送专家评估图片: paper_living_room_14_render_resutls.png
收到专家评估图片请求，索引: 36
成功发送专家评估图片: paper_dining_room_8_render_resutls.png
收到专家评估图片请求，索引: 44
成功发送专家评估图片: paper_living_room_15_render_resutls.png
收到专家评估图片请求，索引: 5
成功发送专家评估图片: florist_shop_1.png
收到专家评估图片请求，索引: 42
成功发送专家评估图片: paper_living_room_13_render_resutls.png
收到专家评估图片请求，索引: 28
成功发送专家评估图片: paper_dining_room_15_render_resutls.png
收到专家评估图片请求，索引: 21
成功发送专家评估图片: paper_bedroom_8_render_resutls.png
收到专家评估图片请求，索引: 10
成功发送专家评估图片: paper_bedroom_12_render_resutls.png
收到专家评估图片请求，索引: 55
成功发送专家评估图片: paper_living_room_7_render_resutls.png
收到专家评估图片请求，索引: 56
成功发送专家评估图片: paper_living_room_8_render_resutls.png
收到专家评估图片请求，索引: 36
成功发送专家评估图片: paper_dining_room_8_render_resutls.png
收到专家评估图片请求，索引: 46
成功发送专家评估图片: paper_living_room_17_render_resutls.png
收到专家评估图片请求，索引: 18
成功发送专家评估图片: paper_bedroom_5_render_resutls.png
收到专家评估图片请求，索引: 12
成功发送专家评估图片: paper_bedroom_14_render_resutls.png
收到专家评估图片请求，索引: 1
成功发送专家评估图片: A_corporate_conference_room_with_wooden__1.png
收到专家评估图片请求，索引: 25
成功发送专家评估图片: paper_dining_room_12_render_resutls.png
收到专家评估图片请求，索引: 50
成功发送专家评估图片: paper_living_room_2_render_resutls.png
收到专家评估图片请求，索引: 9
成功发送专家评估图片: paper_bedroom_11_render_resutls.png
收到专家评估图片请求，索引: 54
成功发送专家评估图片: paper_living_room_6_render_resutls.png
收到专家评估图片请求，索引: 42
成功发送专家评估图片: paper_living_room_13_render_resutls.png
收到专家评估图片请求，索引: 30
成功发送专家评估图片: paper_dining_room_17_render_resutls.png
收到专家评估图片请求，索引: 35
成功发送专家评估图片: paper_dining_room_7_render_resutls.png
收到专家评估图片请求，索引: 19
成功发送专家评估图片: paper_bedroom_6_render_resutls.png
收到专家评估图片请求，索引: 20
成功发送专家评估图片: paper_bedroom_7_render_resutls.png
收到专家评估图片请求，索引: 45
成功发送专家评估图片: paper_living_room_16_render_resutls.png
收到专家评估图片请求，索引: 38
成功发送专家评估图片: paper_laundry_room_1_render_resutls.png
收到专家评估图片请求，索引: 54
成功发送专家评估图片: paper_living_room_6_render_resutls.png
收到专家评估图片请求，索引: 8
成功发送专家评估图片: paper_bedroom_10_render_resutls.png
收到专家评估图片请求，索引: 18
成功发送专家评估图片: paper_bedroom_5_render_resutls.png
收到专家评估图片请求，索引: 12
成功发送专家评估图片: paper_bedroom_14_render_resutls.png
收到专家评估图片请求，索引: 33
成功发送专家评估图片: paper_dining_room_4_render_resutls.png
收到专家评估图片请求，索引: 30
成功发送专家评估图片: paper_dining_room_17_render_resutls.png
收到专家评估图片请求，索引: 37
成功发送专家评估图片: paper_dining_room_9_render_resutls.png
收到专家评估图片请求，索引: 2
成功发送专家评估图片: A_rustic_living_room_with_wooden_beams___0.png
收到专家评估图片请求，索引: 59
成功发送专家评估图片: paper_waiting_room_1_render_resutls.png
收到专家评估图片请求，索引: 11
成功发送专家评估图片: paper_bedroom_13_render_resutls.png
收到专家评估图片请求，索引: 46
成功发送专家评估图片: paper_living_room_17_render_resutls.png
收到专家评估图片请求，索引: 45
成功发送专家评估图片: paper_living_room_16_render_resutls.png
收到专家评估图片请求，索引: 41
成功发送专家评估图片: paper_living_room_12_render_resutls.png
收到专家评估图片请求，索引: 42
成功发送专家评估图片: paper_living_room_13_render_resutls.png
收到专家评估图片请求，索引: 56
成功发送专家评估图片: paper_living_room_8_render_resutls.png
收到专家评估图片请求，索引: 31
成功发送专家评估图片: paper_dining_room_1_render_resutls.png
收到专家评估图片请求，索引: 9
成功发送专家评估图片: paper_bedroom_11_render_resutls.png
收到专家评估图片请求，索引: 37
成功发送专家评估图片: paper_dining_room_9_render_resutls.png
收到专家评估图片请求，索引: 34
成功发送专家评估图片: paper_dining_room_5_render_resutls.png
收到专家评估图片请求，索引: 19
成功发送专家评估图片: paper_bedroom_6_render_resutls.png
收到专家评估图片请求，索引: 24
成功发送专家评估图片: paper_dining_room_11_render_resutls.png
收到专家评估图片请求，索引: 8
成功发送专家评估图片: paper_bedroom_10_render_resutls.png
收到专家评估图片请求，索引: 26
成功发送专家评估图片: paper_dining_room_13_render_resutls.png
收到专家评估图片请求，索引: 44
成功发送专家评估图片: paper_living_room_15_render_resutls.png
收到专家评估图片请求，索引: 14
成功发送专家评估图片: paper_bedroom_16_render_resutls.png
收到专家评估图片请求，索引: 59
成功发送专家评估图片: paper_waiting_room_1_render_resutls.png
收到专家评估图片请求，索引: 39
成功发送专家评估图片: paper_living_room_10_render_resutls.png
收到专家评估图片请求，索引: 49
成功发送专家评估图片: paper_living_room_1_render_resutls.png
收到专家评估图片请求，索引: 36
成功发送专家评估图片: paper_dining_room_8_render_resutls.png
收到专家评估图片请求，索引: 6
成功发送专家评估图片: kitchen_0.png
收到专家评估图片请求，索引: 7
成功发送专家评估图片: paper_bathroom_2_render_resutls.png
收到专家评估图片请求，索引: 21
成功发送专家评估图片: paper_bedroom_8_render_resutls.png
收到专家评估图片请求，索引: 23
成功发送专家评估图片: paper_dining_room_10_render_resutls.png
收到专家评估图片请求，索引: 56
成功发送专家评估图片: paper_living_room_8_render_resutls.png
收到专家评估图片请求，索引: 10
成功发送专家评估图片: paper_bedroom_12_render_resutls.png
收到专家评估图片请求，索引: 31
成功发送专家评估图片: paper_dining_room_1_render_resutls.png
收到专家评估图片请求，索引: 43
成功发送专家评估图片: paper_living_room_14_render_resutls.png
收到专家评估图片请求，索引: 9
成功发送专家评估图片: paper_bedroom_11_render_resutls.png
收到专家评估图片请求，索引: 33
成功发送专家评估图片: paper_dining_room_4_render_resutls.png
收到专家评估图片请求，索引: 8
成功发送专家评估图片: paper_bedroom_10_render_resutls.png
收到专家评估图片请求，索引: 41
成功发送专家评估图片: paper_living_room_12_render_resutls.png
收到专家评估图片请求，索引: 53
成功发送专家评估图片: paper_living_room_5_render_resutls.png
收到专家评估图片请求，索引: 48
成功发送专家评估图片: paper_living_room_19_render_resutls.png
收到专家评估图片请求，索引: 47
成功发送专家评估图片: paper_living_room_18_render_resutls.png
收到专家评估图片请求，索引: 22
成功发送专家评估图片: paper_bedroom_9_render_resutls.png
收到专家评估图片请求，索引: 37
成功发送专家评估图片: paper_dining_room_9_render_resutls.png
收到专家评估图片请求，索引: 58
成功发送专家评估图片: paper_study_1_render_resutls.png
收到专家评估图片请求，索引: 12
成功发送专家评估图片: paper_bedroom_14_render_resutls.png
收到专家评估图片请求，索引: 49
成功发送专家评估图片: paper_living_room_1_render_resutls.png
收到专家评估图片请求，索引: 36
成功发送专家评估图片: paper_dining_room_8_render_resutls.png
收到专家评估图片请求，索引: 44
成功发送专家评估图片: paper_living_room_15_render_resutls.png
收到专家评估图片请求，索引: 20
成功发送专家评估图片: paper_bedroom_7_render_resutls.png
收到专家评估图片请求，索引: 55
成功发送专家评估图片: paper_living_room_7_render_resutls.png
收到专家评估图片请求，索引: 41
成功发送专家评估图片: paper_living_room_12_render_resutls.png
收到专家评估图片请求，索引: 34
成功发送专家评估图片: paper_dining_room_5_render_resutls.png
收到专家评估图片请求，索引: 5
成功发送专家评估图片: florist_shop_1.png
收到专家评估图片请求，索引: 4
成功发送专家评估图片: an_organized_workshop_with_tool_storage__1.png
收到专家评估图片请求，索引: 49
成功发送专家评估图片: paper_living_room_1_render_resutls.png
收到专家评估图片请求，索引: 29
成功发送专家评估图片: paper_dining_room_16_render_resutls.png
收到专家评估图片请求，索引: 8
成功发送专家评估图片: paper_bedroom_10_render_resutls.png
收到专家评估图片请求，索引: 30
成功发送专家评估图片: paper_dining_room_17_render_resutls.png
收到专家评估图片请求，索引: 33
成功发送专家评估图片: paper_dining_room_4_render_resutls.png
收到专家评估图片请求，索引: 11
成功发送专家评估图片: paper_bedroom_13_render_resutls.png
收到专家评估图片请求，索引: 7
成功发送专家评估图片: paper_bathroom_2_render_resutls.png
收到专家评估图片请求，索引: 59
成功发送专家评估图片: paper_waiting_room_1_render_resutls.png
收到专家评估图片请求，索引: 6
成功发送专家评估图片: kitchen_0.png
收到专家评估图片请求，索引: 30
成功发送专家评估图片: paper_dining_room_17_render_resutls.png
收到专家评估图片请求，索引: 53
成功发送专家评估图片: paper_living_room_5_render_resutls.png
收到专家评估图片请求，索引: 18
成功发送专家评估图片: paper_bedroom_5_render_resutls.png
收到专家评估图片请求，索引: 48
成功发送专家评估图片: paper_living_room_19_render_resutls.png
收到专家评估图片请求，索引: 13
成功发送专家评估图片: paper_bedroom_15_render_resutls.png
收到专家评估图片请求，索引: 35
成功发送专家评估图片: paper_dining_room_7_render_resutls.png
收到专家评估图片请求，索引: 3
成功发送专家评估图片: an_entertainment_room_with_pool_table_an_0.png
收到专家评估图片请求，索引: 24
成功发送专家评估图片: paper_dining_room_11_render_resutls.png
收到专家评估图片请求，索引: 50
成功发送专家评估图片: paper_living_room_2_render_resutls.png
收到专家评估图片请求，索引: 23
成功发送专家评估图片: paper_dining_room_10_render_resutls.png
收到专家评估图片请求，索引: 41
成功发送专家评估图片: paper_living_room_12_render_resutls.png
收到专家评估图片请求，索引: 10
成功发送专家评估图片: paper_bedroom_12_render_resutls.png
收到专家评估图片请求，索引: 46
成功发送专家评估图片: paper_living_room_17_render_resutls.png
收到专家评估图片请求，索引: 6
成功发送专家评估图片: kitchen_0.png
收到专家评估图片请求，索引: 7
成功发送专家评估图片: paper_bathroom_2_render_resutls.png
收到专家评估图片请求，索引: 37
成功发送专家评估图片: paper_dining_room_9_render_resutls.png
收到专家评估图片请求，索引: 47
成功发送专家评估图片: paper_living_room_18_render_resutls.png
收到专家评估图片请求，索引: 29
成功发送专家评估图片: paper_dining_room_16_render_resutls.png
收到专家评估图片请求，索引: 13
成功发送专家评估图片: paper_bedroom_15_render_resutls.png
收到专家评估图片请求，索引: 5
成功发送专家评估图片: florist_shop_1.png
收到专家评估图片请求，索引: 35
成功发送专家评估图片: paper_dining_room_7_render_resutls.png
收到专家评估图片请求，索引: 44
成功发送专家评估图片: paper_living_room_15_render_resutls.png
收到专家评估图片请求，索引: 24
成功发送专家评估图片: paper_dining_room_11_render_resutls.png
收到专家评估图片请求，索引: 36
成功发送专家评估图片: paper_dining_room_8_render_resutls.png
收到专家评估图片请求，索引: 32
成功发送专家评估图片: paper_dining_room_3_render_resutls.png
收到专家评估图片请求，索引: 33
成功发送专家评估图片: paper_dining_room_4_render_resutls.png
收到专家评估图片请求，索引: 53
成功发送专家评估图片: paper_living_room_5_render_resutls.png
收到专家评估图片请求，索引: 38
成功发送专家评估图片: paper_laundry_room_1_render_resutls.png
收到专家评估图片请求，索引: 50
成功发送专家评估图片: paper_living_room_2_render_resutls.png
收到专家评估图片请求，索引: 21
成功发送专家评估图片: paper_bedroom_8_render_resutls.png
收到专家评估图片请求，索引: 21
成功发送专家评估图片: paper_bedroom_8_render_resutls.png
收到专家评估图片请求，索引: 18
成功发送专家评估图片: paper_bedroom_5_render_resutls.png
收到专家评估图片请求，索引: 9
成功发送专家评估图片: paper_bedroom_11_render_resutls.png
收到专家评估图片请求，索引: 13
成功发送专家评估图片: paper_bedroom_15_render_resutls.png
收到专家评估图片请求，索引: 15
成功发送专家评估图片: paper_bedroom_17_render_resutls.png
收到专家评估图片请求，索引: 58
成功发送专家评估图片: paper_study_1_render_resutls.png
收到专家评估图片请求，索引: 32
成功发送专家评估图片: paper_dining_room_3_render_resutls.png
收到专家评估图片请求，索引: 25
成功发送专家评估图片: paper_dining_room_12_render_resutls.png
收到专家评估图片请求，索引: 8
成功发送专家评估图片: paper_bedroom_10_render_resutls.png
收到专家评估图片请求，索引: 7
成功发送专家评估图片: paper_bathroom_2_render_resutls.png
收到专家评估图片请求，索引: 47
成功发送专家评估图片: paper_living_room_18_render_resutls.png
收到专家评估图片请求，索引: 51
成功发送专家评估图片: paper_living_room_3_render_resutls.png
收到专家评估图片请求，索引: 35
成功发送专家评估图片: paper_dining_room_7_render_resutls.png
收到专家评估图片请求，索引: 45
成功发送专家评估图片: paper_living_room_16_render_resutls.png
收到专家评估图片请求，索引: 49
成功发送专家评估图片: paper_living_room_1_render_resutls.png
收到专家评估图片请求，索引: 36
成功发送专家评估图片: paper_dining_room_8_render_resutls.png
收到专家评估图片请求，索引: 7
成功发送专家评估图片: paper_bathroom_2_render_resutls.png
收到专家评估图片请求，索引: 5
成功发送专家评估图片: florist_shop_1.png
收到专家评估图片请求，索引: 40
成功发送专家评估图片: paper_living_room_11_render_resutls.png
收到专家评估图片请求，索引: 42
成功发送专家评估图片: paper_living_room_13_render_resutls.png
收到专家评估图片请求，索引: 53
成功发送专家评估图片: paper_living_room_5_render_resutls.png
收到专家评估图片请求，索引: 19
成功发送专家评估图片: paper_bedroom_6_render_resutls.png
收到专家评估图片请求，索引: 49
成功发送专家评估图片: paper_living_room_1_render_resutls.png
收到专家评估图片请求，索引: 5
成功发送专家评估图片: florist_shop_1.png
收到专家评估图片请求，索引: 6
成功发送专家评估图片: kitchen_0.png
收到专家评估图片请求，索引: 29
成功发送专家评估图片: paper_dining_room_16_render_resutls.png
收到专家评估图片请求，索引: 48
成功发送专家评估图片: paper_living_room_19_render_resutls.png
收到专家评估图片请求，索引: 45
成功发送专家评估图片: paper_living_room_16_render_resutls.png
收到专家评估图片请求，索引: 38
成功发送专家评估图片: paper_laundry_room_1_render_resutls.png
收到专家评估图片请求，索引: 11
成功发送专家评估图片: paper_bedroom_13_render_resutls.png
收到专家评估图片请求，索引: 13
成功发送专家评估图片: paper_bedroom_15_render_resutls.png
收到专家评估图片请求，索引: 51
成功发送专家评估图片: paper_living_room_3_render_resutls.png
收到专家评估图片请求，索引: 18
成功发送专家评估图片: paper_bedroom_5_render_resutls.png
收到专家评估图片请求，索引: 2
成功发送专家评估图片: A_rustic_living_room_with_wooden_beams___0.png
收到专家评估图片请求，索引: 20
成功发送专家评估图片: paper_bedroom_7_render_resutls.png
收到专家评估图片请求，索引: 4
成功发送专家评估图片: an_organized_workshop_with_tool_storage__1.png
收到专家评估图片请求，索引: 41
成功发送专家评估图片: paper_living_room_12_render_resutls.png
收到专家评估图片请求，索引: 46
成功发送专家评估图片: paper_living_room_17_render_resutls.png
收到专家评估图片请求，索引: 58
成功发送专家评估图片: paper_study_1_render_resutls.png
收到专家评估图片请求，索引: 50
成功发送专家评估图片: paper_living_room_2_render_resutls.png
收到专家评估图片请求，索引: 43
成功发送专家评估图片: paper_living_room_14_render_resutls.png
收到专家评估图片请求，索引: 54
成功发送专家评估图片: paper_living_room_6_render_resutls.png
收到专家评估图片请求，索引: 22
成功发送专家评估图片: paper_bedroom_9_render_resutls.png
收到专家评估图片请求，索引: 18
成功发送专家评估图片: paper_bedroom_5_render_resutls.png
收到专家评估图片请求，索引: 3
成功发送专家评估图片: an_entertainment_room_with_pool_table_an_0.png
收到专家评估图片请求，索引: 58
成功发送专家评估图片: paper_study_1_render_resutls.png
收到专家评估图片请求，索引: 31
成功发送专家评估图片: paper_dining_room_1_render_resutls.png
收到专家评估图片请求，索引: 33
成功发送专家评估图片: paper_dining_room_4_render_resutls.png
收到专家评估图片请求，索引: 43
成功发送专家评估图片: paper_living_room_14_render_resutls.png
收到专家评估图片请求，索引: 1
成功发送专家评估图片: A_corporate_conference_room_with_wooden__1.png
收到专家评估图片请求，索引: 4
成功发送专家评估图片: an_organized_workshop_with_tool_storage__1.png
收到专家评估图片请求，索引: 5
成功发送专家评估图片: florist_shop_1.png
收到专家评估图片请求，索引: 57
成功发送专家评估图片: paper_living_room_9_render_resutls.png
收到专家评估图片请求，索引: 35
成功发送专家评估图片: paper_dining_room_7_render_resutls.png
收到专家评估图片请求，索引: 52
成功发送专家评估图片: paper_living_room_4_render_resutls.png
收到专家评估图片请求，索引: 6
成功发送专家评估图片: kitchen_0.png
收到专家评估图片请求，索引: 45
成功发送专家评估图片: paper_living_room_16_render_resutls.png
收到专家评估图片请求，索引: 9
成功发送专家评估图片: paper_bedroom_11_render_resutls.png
收到专家评估图片请求，索引: 22
成功发送专家评估图片: paper_bedroom_9_render_resutls.png
收到专家评估图片请求，索引: 17
成功发送专家评估图片: paper_bedroom_2_render_resutls.png
收到专家评估图片请求，索引: 55
成功发送专家评估图片: paper_living_room_7_render_resutls.png
收到专家评估图片请求，索引: 29
成功发送专家评估图片: paper_dining_room_16_render_resutls.png
收到专家评估图片请求，索引: 50
成功发送专家评估图片: paper_living_room_2_render_resutls.png
收到专家评估图片请求，索引: 9
成功发送专家评估图片: paper_bedroom_11_render_resutls.png
收到专家评估图片请求，索引: 31
成功发送专家评估图片: paper_dining_room_1_render_resutls.png
收到专家评估图片请求，索引: 7
成功发送专家评估图片: paper_bathroom_2_render_resutls.png
收到专家评估图片请求，索引: 51
成功发送专家评估图片: paper_living_room_3_render_resutls.png
收到专家评估图片请求，索引: 9
成功发送专家评估图片: paper_bedroom_11_render_resutls.png
收到专家评估图片请求，索引: 27
成功发送专家评估图片: paper_dining_room_14_render_resutls.png
收到专家评估图片请求，索引: 31
成功发送专家评估图片: paper_dining_room_1_render_resutls.png
收到专家评估图片请求，索引: 46
成功发送专家评估图片: paper_living_room_17_render_resutls.png
收到专家评估图片请求，索引: 19
成功发送专家评估图片: paper_bedroom_6_render_resutls.png
收到专家评估图片请求，索引: 36
成功发送专家评估图片: paper_dining_room_8_render_resutls.png
收到专家评估图片请求，索引: 26
成功发送专家评估图片: paper_dining_room_13_render_resutls.png
收到专家评估图片请求，索引: 41
成功发送专家评估图片: paper_living_room_12_render_resutls.png
收到专家评估图片请求，索引: 28
成功发送专家评估图片: paper_dining_room_15_render_resutls.png
收到专家评估图片请求，索引: 50
成功发送专家评估图片: paper_living_room_2_render_resutls.png
收到专家评估图片请求，索引: 30
成功发送专家评估图片: paper_dining_room_17_render_resutls.png
收到专家评估图片请求，索引: 34
成功发送专家评估图片: paper_dining_room_5_render_resutls.png
收到专家评估图片请求，索引: 16
成功发送专家评估图片: paper_bedroom_1_render_resutls.png
收到专家评估图片请求，索引: 8
成功发送专家评估图片: paper_bedroom_10_render_resutls.png
收到专家评估图片请求，索引: 40
成功发送专家评估图片: paper_living_room_11_render_resutls.png
收到专家评估图片请求，索引: 35
成功发送专家评估图片: paper_dining_room_7_render_resutls.png
收到专家评估图片请求，索引: 20
成功发送专家评估图片: paper_bedroom_7_render_resutls.png
收到专家评估图片请求，索引: 47
成功发送专家评估图片: paper_living_room_18_render_resutls.png
收到专家评估图片请求，索引: 39
成功发送专家评估图片: paper_living_room_10_render_resutls.png
收到专家评估图片请求，索引: 23
成功发送专家评估图片: paper_dining_room_10_render_resutls.png
收到专家评估图片请求，索引: 14
成功发送专家评估图片: paper_bedroom_16_render_resutls.png
收到专家评估图片请求，索引: 46
成功发送专家评估图片: paper_living_room_17_render_resutls.png
收到专家评估图片请求，索引: 25
成功发送专家评估图片: paper_dining_room_12_render_resutls.png
收到专家评估图片请求，索引: 57
成功发送专家评估图片: paper_living_room_9_render_resutls.png
收到专家评估图片请求，索引: 44
成功发送专家评估图片: paper_living_room_15_render_resutls.png
收到专家评估图片请求，索引: 7
成功发送专家评估图片: paper_bathroom_2_render_resutls.png
收到专家评估图片请求，索引: 45
成功发送专家评估图片: paper_living_room_16_render_resutls.png
收到专家评估图片请求，索引: 9
成功发送专家评估图片: paper_bedroom_11_render_resutls.png
收到专家评估图片请求，索引: 27
成功发送专家评估图片: paper_dining_room_14_render_resutls.png
收到专家评估图片请求，索引: 37
成功发送专家评估图片: paper_dining_room_9_render_resutls.png
收到专家评估图片请求，索引: 4
成功发送专家评估图片: an_organized_workshop_with_tool_storage__1.png
收到专家评估图片请求，索引: 40
成功发送专家评估图片: paper_living_room_11_render_resutls.png
收到专家评估图片请求，索引: 3
成功发送专家评估图片: an_entertainment_room_with_pool_table_an_0.png
收到专家评估图片请求，索引: 30
成功发送专家评估图片: paper_dining_room_17_render_resutls.png
收到专家评估图片请求，索引: 43
成功发送专家评估图片: paper_living_room_14_render_resutls.png
收到专家评估图片请求，索引: 41
成功发送专家评估图片: paper_living_room_12_render_resutls.png
收到专家评估图片请求，索引: 12
成功发送专家评估图片: paper_bedroom_14_render_resutls.png
收到专家评估图片请求，索引: 6
成功发送专家评估图片: kitchen_0.png
收到专家评估图片请求，索引: 59
成功发送专家评估图片: paper_waiting_room_1_render_resutls.png
收到专家评估图片请求，索引: 52
成功发送专家评估图片: paper_living_room_4_render_resutls.png
收到专家评估图片请求，索引: 34
成功发送专家评估图片: paper_dining_room_5_render_resutls.png
收到专家评估图片请求，索引: 10
成功发送专家评估图片: paper_bedroom_12_render_resutls.png
收到专家评估图片请求，索引: 59
成功发送专家评估图片: paper_waiting_room_1_render_resutls.png
收到专家评估图片请求，索引: 29
成功发送专家评估图片: paper_dining_room_16_render_resutls.png
收到专家评估图片请求，索引: 58
成功发送专家评估图片: paper_study_1_render_resutls.png
收到专家评估图片请求，索引: 54
成功发送专家评估图片: paper_living_room_6_render_resutls.png
收到专家评估图片请求，索引: 49
成功发送专家评估图片: paper_living_room_1_render_resutls.png
收到专家评估图片请求，索引: 9
成功发送专家评估图片: paper_bedroom_11_render_resutls.png
收到专家评估图片请求，索引: 17
成功发送专家评估图片: paper_bedroom_2_render_resutls.png
收到专家评估图片请求，索引: 1
成功发送专家评估图片: A_corporate_conference_room_with_wooden__1.png
收到专家评估图片请求，索引: 4
成功发送专家评估图片: an_organized_workshop_with_tool_storage__1.png
收到专家评估图片请求，索引: 39
成功发送专家评估图片: paper_living_room_10_render_resutls.png
收到专家评估图片请求，索引: 3
成功发送专家评估图片: an_entertainment_room_with_pool_table_an_0.png
收到专家评估图片请求，索引: 11
成功发送专家评估图片: paper_bedroom_13_render_resutls.png
收到专家评估图片请求，索引: 28
成功发送专家评估图片: paper_dining_room_15_render_resutls.png
收到专家评估图片请求，索引: 13
成功发送专家评估图片: paper_bedroom_15_render_resutls.png
收到专家评估图片请求，索引: 58
成功发送专家评估图片: paper_study_1_render_resutls.png
收到专家评估图片请求，索引: 14
成功发送专家评估图片: paper_bedroom_16_render_resutls.png
收到专家评估图片请求，索引: 19
成功发送专家评估图片: paper_bedroom_6_render_resutls.png
收到专家评估图片请求，索引: 30
成功发送专家评估图片: paper_dining_room_17_render_resutls.png
收到专家评估图片请求，索引: 10
成功发送专家评估图片: paper_bedroom_12_render_resutls.png
收到专家评估图片请求，索引: 8
成功发送专家评估图片: paper_bedroom_10_render_resutls.png
收到专家评估图片请求，索引: 43
成功发送专家评估图片: paper_living_room_14_render_resutls.png
收到图片配对请求
成功发送图片配对
收到图片配对请求
成功发送图片配对
收到图片配对请求
成功发送图片配对
收到图片配对请求
成功发送图片配对
